Profile: <cProfile.Profile object at 0x000001D0792CD780>
         53760 function calls (53536 primitive calls) in 4.484 seconds

   Ordered by: internal time

   ncalls  tottime  percall  cumtime  percall filename:lineno(function)
      258    2.928    0.011    2.928    0.011 {method 'read' of '_ssl._SSLSocket' objects}
      185    0.595    0.003    0.595    0.003 {built-in method _overlapped.GetQueuedCompletionStatus}
       25    0.297    0.012    0.297    0.012 {method 'do_handshake' of '_ssl._SSLSocket' objects}
        2    0.161    0.081    0.161    0.081 {method 'load_verify_locations' of '_ssl._SSLContext' objects}
        4    0.114    0.029    0.114    0.029 {method 'connect' of '_socket.socket' objects}
        2    0.071    0.036    0.071    0.036 {built-in method _ssl.enum_certificates}
        3    0.022    0.007    0.022    0.007 {built-in method _socket.getaddrinfo}
      487    0.016    0.000    0.016    0.000 {method 'decompress' of 'zlib.Decompress' objects}
       55    0.011    0.000    0.011    0.000 {method 'WSASend' of '_overlapped.Overlapped' objects}
       11    0.008    0.001    0.010    0.001 sslproto.py:267(__init__)
      295    0.008    0.000    0.010    0.000 {method 'sub' of 're.Pattern' objects}
      143    0.006    0.000    0.006    0.000 {method 'split' of 'str' objects}
        3    0.006    0.002    0.006    0.002 models.py:909(text)
       78    0.004    0.000    1.090    0.014 base_events.py:1845(_run_once)
      477    0.004    0.000    0.020    0.000 response.py:122(decompress)
       15    0.004    0.000    0.005    0.000 url.py:227(_encode_invalid_chars)
       11    0.003    0.000    0.003    0.000 {method 'ConnectEx' of '_overlapped.Overlapped' objects}
       79    0.003    0.000    0.601    0.008 windows_events.py:804(_poll)
       72    0.003    0.000    0.548    0.008 {method 'join' of 'bytes' objects}
       87    0.003    0.000    0.545    0.006 response.py:1143(read_chunked)
      415    0.003    0.000    0.483    0.001 {method 'run' of '_contextvars.Context' objects}
      477    0.003    0.000    0.429    0.001 response.py:1103(_update_chunk_length)
       79    0.002    0.000    0.002    0.000 {method 'acquire' of '_thread.lock' objects}
      425    0.002    0.000    0.005    0.000 base_events.py:780(_call_soon)
       20    0.002    0.000    0.002    0.000 socket.py:220(__init__)
       13    0.002    0.000    0.005    0.000 client_proto.py:241(data_received)
      942    0.002    0.000    0.089    0.000 client.py:624(_safe_read)
      474    0.002    0.000    0.091    0.000 response.py:1121(_handle_chunk)
      779    0.002    0.000    0.006    0.000 <frozen os>:674(__getitem__)
       66    0.002    0.000    0.293    0.004 client.py:448(_request)
      828    0.002    0.000    0.008    0.000 <frozen _collections_abc>:859(__iter__)
       11    0.002    0.000    0.004    0.000 proactor_events.py:185(__init__)
      470    0.002    0.000    0.002    0.000 events.py:31(__init__)
2954/2920    0.002    0.000    0.004    0.000 {built-in method builtins.isinstance}
       79    0.002    0.000    0.004    0.000 base_events.py:429(create_task)
      158    0.002    0.000    0.002    0.000 __init__.py:91(_replace_charref)
       36    0.002    0.000    0.002    0.000 {method 'setsockopt' of '_socket.socket' objects}
      106    0.002    0.000    0.004    0.000 windows_events.py:757(_register)
        6    0.002    0.000    0.010    0.002 request.py:2499(getproxies_environment)
      415    0.002    0.000    0.485    0.001 events.py:78(_run)
      942    0.002    0.000    0.086    0.000 {method 'read' of '_io.BufferedReader' objects}
       11    0.002    0.000    0.002    0.000 {method 'getpeercert' of '_ssl._SSLSocket' objects}
        6    0.002    0.000    0.002    0.000 {function socket.close at 0x000001D07654F380}
      425    0.002    0.000    0.007    0.000 base_events.py:751(call_soon)
        1    0.002    0.002    0.002    0.002 {method 'feed' of 'xml.etree.ElementTree.XMLParser' objects}
      440    0.002    0.000    0.002    0.000 {method 'match' of 're.Pattern' objects}
      779    0.002    0.000    0.003    0.000 <frozen os>:748(encodekey)
       26    0.002    0.000    0.002    0.000 {method 'write' of '_ssl._SSLSocket' objects}
       11    0.002    0.000    0.002    0.000 {built-in method _overlapped.BindLocal}
      474    0.002    0.000    0.021    0.000 response.py:456(_decode)
        1    0.002    0.002    0.004    0.004 _transcripts.py:352(<listcomp>)
       35    0.001    0.000    0.001    0.000 {method 'WSARecvInto' of '_overlapped.Overlapped' objects}
      190    0.001    0.000    2.926    0.015 ssl.py:1300(recv_into)
2449/2418    0.001    0.000    0.001    0.000 {built-in method builtins.len}
      190    0.001    0.000    2.928    0.015 socket.py:692(readinto)
        1    0.001    0.001    0.836    0.836 _transcripts.py:44(fetch)
      140    0.001    0.000    0.001    0.000 {built-in method __new__ of type object at 0x00007FFD3B5B8F90}
        1    0.001    0.001    0.001    0.001 {built-in method io.open}
        1    0.001    0.001    0.827    0.827 _transcripts.py:81(_fetch_video_html)
        6    0.001    0.000    0.001    0.000 {built-in method nt.stat}
      106    0.001    0.000    0.001    0.000 windows_events.py:54(__init__)
    84/26    0.001    0.000    0.001    0.000 {built-in method _abc._abc_subclasscheck}
       13    0.001    0.000    0.001    0.000 decoder.py:343(raw_decode)
      173    0.001    0.000    0.001    0.000 parse.py:205(_hostinfo)
      196    0.001    0.000    0.003    0.000 __init__.py:272(_compile)
       55    0.001    0.000    0.015    0.000 windows_events.py:562(send)
     1874    0.001    0.000    0.001    0.000 {method 'lower' of 'str' objects}
      535    0.001    0.000    2.846    0.005 {method 'readline' of '_io.BufferedReader' objects}
       11    0.001    0.000    0.003    0.000 cookies.py:539(__parse_string)
      779    0.001    0.000    0.001    0.000 <frozen os>:742(check_str)
      190    0.001    0.000    2.925    0.015 ssl.py:1158(read)
      756    0.001    0.000    0.001    0.000 <frozen os>:697(__iter__)
      104    0.001    0.000    0.002    0.000 parse.py:164(hostname)
        1    0.001    0.001    0.826    0.826 _transcripts.py:90(_fetch_html)
       74    0.001    0.000    0.002    0.000 parse.py:374(urlparse)
        3    0.001    0.000    0.002    0.001 ssl.py:1368(_real_close)
       11    0.001    0.000    0.004    0.000 client_reqrep.py:671(send)
      212    0.001    0.000    0.001    0.000 _weakrefset.py:75(__contains__)
       35    0.001    0.000    0.135    0.004 proactor_events.py:276(_loop_reading)
       88    0.001    0.000    0.017    0.000 proactor_events.py:375(_loop_writing)
        1    0.001    0.001    0.235    0.235 ssl.py:591(load_default_certs)
       66    0.001    0.000    0.294    0.004 client.py:1352(__aenter__)
       44    0.001    0.000    0.013    0.000 staggered.py:82(run_one_coro)
       11    0.001    0.000    0.004    0.000 client_reqrep.py:261(__init__)
       93    0.001    0.000    0.001    0.000 _weakrefset.py:85(add)
       11    0.001    0.000    0.001    0.000 cookiejar.py:333(_parse_date)
       55    0.001    0.000    0.265    0.005 connector.py:507(connect)
       79    0.001    0.000    0.014    0.000 sslproto.py:711(_process_outgoing)
      111    0.001    0.000    0.001    0.000 {method 'extend' of 'bytearray' objects}
       35    0.001    0.000    0.003    0.000 windows_events.py:481(recv_into)
       11    0.001    0.000    0.001    0.000 {method '_wrap_bio' of '_ssl._SSLContext' objects}
       55    0.001    0.000    0.262    0.005 connector.py:1253(_create_direct_connection)
      170    0.001    0.000    0.003    0.000 {function _OverlappedFuture.set_result at 0x000001D078A25A80}
       35    0.001    0.000    0.011    0.000 sslproto.py:771(_do_read__copied)
       22    0.001    0.000    0.005    0.000 client_reqrep.py:988(start)
       26    0.001    0.000    0.001    0.000 {method 'setblocking' of '_socket.socket' objects}
       11    0.001    0.000    0.012    0.001 sslproto.py:565(_on_handshake_complete)
        3    0.001    0.000    2.771    0.924 adapters.py:613(send)
       66    0.001    0.000    0.298    0.005 async_summary.py:53(async_chunk_summary)
        4    0.001    0.000    0.002    0.000 cookiejar.py:466(parse_ns_headers)
      847    0.001    0.000    0.001    0.000 base_events.py:1940(get_debug)
      106    0.001    0.000    0.002    0.000 windows_events.py:747(_register_with_iocp)
       33    0.001    0.000    0.004    0.000 staggered.py:14(staggered_race)
       11    0.001    0.000    0.004    0.000 _url.py:166(__new__)
       55    0.001    0.000    0.012    0.000 proactor_events.py:337(write)
      297    0.001    0.000    0.001    0.000 _quoting_c.pyx:260(_write)
       12    0.001    0.000    0.001    0.000 encoder.py:205(iterencode)
      149    0.001    0.000    0.001    0.000 enum.py:686(__call__)
       44    0.001    0.000    0.022    0.000 connector.py:1036(_wrap_create_connection)
       78    0.001    0.000    0.601    0.008 windows_events.py:442(select)
       11    0.001    0.000    0.001    0.000 client_reqrep.py:454(update_auto_headers)
       14    0.001    0.000    0.001    0.000 {built-in method zlib.decompressobj}
        2    0.001    0.000    0.234    0.117 ssl.py:577(_load_windows_store_certs)
        9    0.001    0.000    0.001    0.000 {built-in method winreg.QueryValueEx}
      195    0.001    0.000    0.001    0.000 video.py:69(<genexpr>)
      149    0.001    0.000    0.001    0.000 enum.py:1091(__new__)
     1102    0.001    0.000    0.001    0.000 {method 'decode' of 'bytes' objects}
        1    0.001    0.001    0.001    0.001 {method 'set_default_verify_paths' of '_ssl._SSLContext' objects}
  271/254    0.001    0.000    0.001    0.000 {method 'encode' of 'str' objects}
       12    0.000    0.000    0.000    0.000 {method 'getsockname' of '_socket.socket' objects}
        3    0.000    0.000    0.000    0.000 {method '_wrap_socket' of '_ssl._SSLContext' objects}
       11    0.000    0.000    0.007    0.001 windows_events.py:610(connect)
      100    0.000    0.000    0.001    0.000 base_events.py:425(create_future)
       45    0.000    0.000    0.001    0.000 base_events.py:733(call_at)
      134    0.000    0.000    0.001    0.000 socket.py:99(_intenum_converter)
       11    0.000    0.000    0.003    0.000 cookiejar.py:175(update_cookies)
       44    0.000    0.000    0.002    0.000 tasks.py:389(wait)
      194    0.000    0.000    0.002    0.000 __init__.py:178(sub)
      556    0.000    0.000    0.000    0.000 base_events.py:517(_check_closed)
       13    0.000    0.000    0.000    0.000 {built-in method _overlapped.CreateIoCompletionPort}
      850    0.000    0.000    0.000    0.000 {method 'append' of 'list' objects}
       88    0.000    0.000    0.000    0.000 parse.py:119(_coerce_args)
        5    0.000    0.000    0.000    0.000 {method 'WSARecv' of '_overlapped.Overlapped' objects}
        3    0.000    0.000    0.001    0.000 feedparser.py:469(_parse_headers)
       35    0.000    0.000    0.017    0.000 sslproto.py:720(_do_read)
        6    0.000    0.000    0.000    0.000 {built-in method winreg.OpenKey}
       44    0.000    0.000    0.001    0.000 tasks.py:497(_wait)
      491    0.000    0.000    0.000    0.000 {method 'split' of 'bytes' objects}
       11    0.000    0.000    0.002    0.000 http_writer.py:121(write_headers)
       23    0.000    0.000    0.002    0.000 <frozen _collections_abc>:941(update)
      112    0.000    0.000    0.000    0.000 {method 'search' of 're.Pattern' objects}
       33    0.000    0.000    0.005    0.000 impl.py:25(start_connection)
      552    0.000    0.000    0.000    0.000 {method 'partition' of 'str' objects}
      217    0.000    0.000    0.000    0.000 {built-in method builtins.hasattr}
      829    0.000    0.000    0.000    0.000 {method 'upper' of 'str' objects}
       11    0.000    0.000    0.002    0.000 tcp_helpers.py:24(tcp_nodelay)
      107    0.000    0.000    0.001    0.000 {method 'add_done_callback' of '_asyncio.Future' objects}
       11    0.000    0.000    0.001    0.000 client_reqrep.py:429(update_headers)
       21    0.000    0.000    0.001    0.000 client.py:1242(putheader)
       33    0.000    0.000    0.001    0.000 queue.py:122(put)
     1052    0.000    0.000    0.000    0.000 {built-in method builtins.ord}
       75    0.000    0.000    0.001    0.000 <frozen _collections_abc>:771(get)
        8    0.000    0.000    0.000    0.000 cookiejar.py:1389(_normalized_cookie_tuples)
      148    0.000    0.000    0.001    0.000 base_events.py:700(time)
       33    0.000    0.000    0.002    0.000 tasks.py:426(wait_for)
       92    0.000    0.000    0.001    0.000 windows_events.py:91(set_result)
        6    0.000    0.000    0.001    0.000 parse.py:452(urlsplit)
      190    0.000    0.000    0.001    0.000 {method '_checkReadable' of '_io._IOBase' objects}
       15    0.000    0.000    0.000    0.000 {method 'settimeout' of '_socket.socket' objects}
        6    0.000    0.000    0.002    0.000 feedparser.py:216(_parsegen)
      523    0.000    0.000    0.000    0.000 {method 'get' of 'dict' objects}
       79    0.000    0.000    0.001    0.000 sslproto.py:816(_control_app_writing)
       12    0.000    0.000    0.001    0.000 message.py:524(get_all)
       34    0.000    0.000    0.001    0.000 events.py:147(cancel)
       36    0.000    0.000    0.001    0.000 queue.py:154(get)
       11    0.000    0.000    0.000    0.000 client.py:1155(post)
       16    0.000    0.000    0.000    0.000 threading.py:90(RLock)
        3    0.000    0.000    1.091    0.364 base_events.py:593(run_forever)
       24    0.000    0.000    0.130    0.005 sslproto.py:432(buffer_updated)
       22    0.000    0.000    0.009    0.000 impl.py:131(_connect_sock)
       10    0.000    0.000    0.003    0.000 cookiejar.py:949(set_ok)
       11    0.000    0.000    0.000    0.000 {method 'shutdown' of '_ssl._SSLSocket' objects}
      175    0.000    0.000    0.000    0.000 events.py:119(__lt__)
       14    0.000    0.000    0.000    0.000 {method 'cancel' of '_overlapped.Overlapped' objects}
       22    0.000    0.000    0.130    0.006 sslproto.py:555(_do_handshake)
      102    0.000    0.000    0.000    0.000 <attrs generated hash aiohttp.client_reqrep.ConnectionKey>:1(__hash__)
       11    0.000    0.000    0.002    0.000 client_reqrep.py:1185(json)
       10    0.000    0.000    0.001    0.000 cookiejar.py:1486(_cookie_from_cookie_tuple)
        2    0.000    0.000    0.000    0.000 {built-in method _thread.start_new_thread}
       11    0.000    0.000    0.001    0.000 helpers.py:632(start)
      400    0.000    0.000    0.000    0.000 {method 'group' of 're.Match' objects}
       24    0.000    0.000    0.001    0.000 message.py:489(get)
       11    0.000    0.000    0.000    0.000 impl.py:181(_interleave_addrinfos)
       24    0.000    0.000    0.131    0.005 protocols.py:200(_feed_data_to_buffered_proto)
        3    0.000    0.000    3.323    1.108 sessions.py:673(send)
       55    0.000    0.000    0.000    0.000 _policybase.py:293(header_source_parse)
       77    0.000    0.000    0.001    0.000 helpers.py:494(_is_ip_address)
       11    0.000    0.000    0.001    0.000 ipaddress.py:28(ip_address)
      109    0.000    0.000    0.000    0.000 structures.py:51(__getitem__)
      111    0.000    0.000    0.000    0.000 structures.py:46(__setitem__)
      505    0.000    0.000    0.000    0.000 {method 'append' of 'collections.deque' objects}
        3    0.000    0.000    0.186    0.062 ssl.py:1018(_create)
        3    0.000    0.000    0.000    0.000 socket.py:303(makefile)
      146    0.000    0.000    0.000    0.000 {method 'pop' of 'dict' objects}
       92    0.000    0.000    0.000    0.000 {method 'getresult' of '_overlapped.Overlapped' objects}
       11    0.000    0.000    0.000    0.000 client_reqrep.py:548(update_body_from_data)
      255    0.000    0.000    0.000    0.000 {method 'startswith' of 'str' objects}
        3    0.000    0.000    2.760    0.920 connectionpool.py:598(urlopen)
        3    0.000    0.000    0.003    0.001 connection.py:324(request)
        2    0.000    0.000    0.001    0.000 _parser.py:509(_parse)
      151    0.000    0.000    0.002    0.000 {built-in method _abc._abc_instancecheck}
        6    0.000    0.000    0.004    0.001 url.py:369(parse_url)
        1    0.000    0.000    1.046    1.046 _api.py:114(get_transcript)
       12    0.000    0.000    0.001    0.000 encoder.py:183(encode)
       11    0.000    0.000    0.000    0.000 client_proto.py:171(set_response_params)
       20    0.000    0.000    0.000    0.000 idna.py:145(encode)
        1    0.000    0.000    3.434    3.434 async_summary.py:34(async_summarize)
       22    0.000    0.000    0.002    0.000 connector.py:848(_resolve_host)
       22    0.000    0.000    0.002    0.000 sslproto.py:671(_write_appdata)
      193    0.000    0.000    0.000    0.000 socket.py:731(readable)
       71    0.000    0.000    0.000    0.000 <attrs generated eq aiohttp.client_reqrep.ConnectionKey>:1(__eq__)
       68    0.000    0.000    0.005    0.000 ssl.py:912(read)
      151    0.000    0.000    0.002    0.000 <frozen abc>:117(__instancecheck__)
       22    0.000    0.000    0.015    0.001 base_events.py:1124(_create_connection_transport)
        3    0.000    0.000    3.345    1.115 sessions.py:500(request)
       33    0.000    0.000    0.001    0.000 base_events.py:709(call_later)
       22    0.000    0.000    0.000    0.000 client.py:1063(_prepare_headers)
       22    0.000    0.000    0.003    0.000 http_writer.py:69(_write)
      190    0.000    0.000    0.000    0.000 {method '_checkClosed' of '_io._IOBase' objects}
       55    0.000    0.000    0.001    0.000 _url.py:517(port)
       29    0.000    0.000    0.001    0.000 cookiejar.py:620(request_host)
       24    0.000    0.000    0.000    0.000 parse.py:917(quote_from_bytes)
        3    0.000    0.000    0.002    0.001 connectionpool.py:178(__init__)
        1    0.000    0.000    0.000    0.000 _transcripts.py:133(<listcomp>)
       13    0.000    0.000    0.000    0.000 threading.py:236(__init__)
       33    0.000    0.000    0.001    0.000 _quoting_c.pyx:220(_do_quote)
       11    0.000    0.000    0.000    0.000 cookiejar.py:121(clear)
       42    0.000    0.000    0.000    0.000 locks.py:200(wait)
        3    0.000    0.000    0.000    0.000 client.py:206(_read_headers)
        3    0.000    0.000    2.426    0.809 connection.py:440(getresponse)
       37    0.000    0.000    0.001    0.000 socket.py:515(family)
      195    0.000    0.000    0.009    0.000 __init__.py:122(unescape)
       22    0.000    0.000    0.002    0.000 sslproto.py:695(_do_write)
      160    0.000    0.000    0.001    0.000 {method 'join' of 'str' objects}
       19    0.000    0.000    0.000    0.000 calendar.py:653(timegm)
        3    0.000    0.000    0.000    0.000 poolmanager.py:96(_default_key_normalizer)
       33    0.000    0.000    0.001    0.000 helpers.py:511(is_ip_address)
       11    0.000    0.000    0.002    0.000 payload.py:386(__init__)
       55    0.000    0.000    0.262    0.005 connector.py:957(_create_connection)
       22    0.000    0.000    0.000    0.000 timeouts.py:84(__aenter__)
       13    0.000    0.000    0.001    0.000 decoder.py:332(decode)
       64    0.000    0.000    0.000    0.000 _collections.py:259(__getitem__)
       45    0.000    0.000    0.001    0.000 events.py:103(__init__)
       77    0.000    0.000    0.000    0.000 cookies.py:309(__setitem__)
       79    0.000    0.000    0.000    0.000 sslproto.py:845(_get_write_buffer_size)
       22    0.000    0.000    0.004    0.000 connector.py:913(_resolve_host_with_throttle)
       78    0.000    0.000    0.000    0.000 base_futures.py:14(isfuture)
      497    0.000    0.000    0.000    0.000 {method 'popleft' of 'collections.deque' objects}
       55    0.000    0.000    0.000    0.000 _collections.py:302(add)
       22    0.000    0.000    0.001    0.000 connector.py:390(_drop_acquired_per_host)
        3    0.000    0.000    0.325    0.108 connection.py:614(connect)
       24    0.000    0.000    0.131    0.005 proactor_events.py:251(_data_received)
       24    0.000    0.000    0.000    0.000 {method 'write' of '_ssl.MemoryBIO' objects}
       10    0.000    0.000    0.000    0.000 {built-in method _thread.allocate_lock}
        3    0.000    0.000    2.755    0.918 connectionpool.py:380(_make_request)
       11    0.000    0.000    0.001    0.000 client_reqrep.py:371(connection_key)
       81    0.000    0.000    0.000    0.000 _policybase.py:281(_sanitize_header)
       44    0.000    0.000    0.000    0.000 sslproto.py:490(_set_state)
        1    0.000    0.000    0.002    0.002 ElementTree.py:1325(XML)
        2    0.000    0.000    0.001    0.000 _parser.py:449(_parse_sub)
        6    0.000    0.000    0.004    0.001 cookiejar.py:1599(make_cookies)
      388    0.000    0.000    0.000    0.000 ssl.py:1146(_checkClosed)
        3    0.000    0.000    0.187    0.062 connection.py:732(_ssl_wrap_socket_and_match_hostname)
       11    0.000    0.000    0.000    0.000 tasks.py:841(shield)
       87    0.000    0.000    0.545    0.006 models.py:816(generate)
       11    0.000    0.000    0.002    0.000 client_reqrep.py:621(write_bytes)
       87    0.000    0.000    0.545    0.006 response.py:1021(stream)
        3    0.000    0.000    0.023    0.008 socket.py:945(getaddrinfo)
       11    0.000    0.000    0.000    0.000 payload.py:219(__init__)
       11    0.000    0.000    0.000    0.000 client_reqrep.py:805(__init__)
        1    0.000    0.000    0.000    0.000 {method '_accept' of '_socket.socket' objects}
        3    0.000    0.000    0.137    0.046 connection.py:27(create_connection)
       11    0.000    0.000    0.000    0.000 _url.py:55(_normalize_path_segments)
       22    0.000    0.000    0.016    0.001 base_events.py:987(create_connection)
        3    0.000    0.000    0.009    0.003 sessions.py:457(prepare_request)
       34    0.000    0.000    0.000    0.000 events.py:64(cancel)
        3    0.000    0.000    0.001    0.000 _collections.py:337(extend)
       36    0.000    0.000    0.001    0.000 tasks.py:652(_ensure_future)
       79    0.000    0.000    0.000    0.000 {method 'read' of '_ssl.MemoryBIO' objects}
       66    0.000    0.000    0.001    0.000 _url.py:489(raw_host)
      4/2    0.000    0.000    0.000    0.000 _compiler.py:37(_compile)
        6    0.000    0.000    0.008    0.001 cookiejar.py:1680(extract_cookies)
    45/25    0.000    0.000    0.000    0.000 cookiejar.py:1227(deepvalues)
        8    0.000    0.000    0.002    0.000 cookiejar.py:1578(_cookies_from_attrs_set)
        8    0.000    0.000    0.000    0.000 cookiejar.py:150(_str2time)
       64    0.000    0.000    0.000    0.000 feedparser.py:77(readline)
       21    0.000    0.000    0.002    0.000 sessions.py:61(merge_setting)
       82    0.000    0.000    0.001    0.000 coroutines.py:34(iscoroutine)
      227    0.000    0.000    0.000    0.000 {method 'rpartition' of 'str' objects}
       33    0.000    0.000    0.001    0.000 _url.py:41(__get__)
       77    0.000    0.000    0.000    0.000 threading.py:264(__enter__)
       21    0.000    0.000    0.001    0.000 connection.py:310(putheader)
       11    0.000    0.000    0.011    0.001 sslproto.py:530(_start_handshake)
       22    0.000    0.000    0.113    0.005 ssl.py:977(do_handshake)
      186    0.000    0.000    0.000    0.000 {method 'add' of 'set' objects}
       11    0.000    0.000    0.000    0.000 payload.py:138(__init__)
       69    0.000    0.000    0.001    0.000 parse.py:175(port)
       11    0.000    0.000    0.000    0.000 cookies.py:289(__init__)
       37    0.000    0.000    0.001    0.000 socket.py:521(type)
       66    0.000    0.000    0.000    0.000 threading.py:359(notify)
       10    0.000    0.000    0.001    0.000 cookiejar.py:1015(set_ok_domain)
       10    0.000    0.000    0.000    0.000 cookiejar.py:761(__init__)
       45    0.000    0.000    0.000    0.000 {built-in method _heapq.heappush}
       22    0.000    0.000    0.000    0.000 client_proto.py:51(should_close)
       49    0.000    0.000    0.000    0.000 _weakrefset.py:39(_remove)
        1    0.000    0.000    0.002    0.002 proactor_events.py:684(close)
       22    0.000    0.000    0.000    0.000 timeouts.py:125(timeout)
       11    0.000    0.000    0.014    0.001 proactor_events.py:649(_make_ssl_transport)
       24    0.000    0.000    0.001    0.000 parse.py:841(quote)
       11    0.000    0.000    0.002    0.000 client_reqrep.py:1039(_response_eof)
       14    0.000    0.000    0.000    0.000 cookies.py:349(set_cookie)
       11    0.000    0.000    0.237    0.022 connector.py:994(_get_ssl_context)
       11    0.000    0.000    0.001    0.000 compression_utils.py:92(__init__)
        3    0.000    0.000    0.002    0.001 utils.py:204(get_netrc_auth)
       21    0.000    0.000    0.000    0.000 utils.py:345(to_key_val_list)
        1    0.000    0.000    0.000    0.000 {method 'bind' of '_socket.socket' objects}
      122    0.000    0.000    0.000    0.000 {built-in method builtins.getattr}
       11    0.000    0.000    0.000    0.000 ipaddress.py:1889(__init__)
       13    0.000    0.000    0.001    0.000 http_parser.py:955(feed_data)
      147    0.000    0.000    0.000    0.000 {method 'rstrip' of 'str' objects}
       11    0.000    0.000    0.001    0.000 proactor_events.py:50(__init__)
       11    0.000    0.000    0.000    0.000 streams.py:109(__init__)
       92    0.000    0.000    0.000    0.000 {built-in method math.ceil}
       46    0.000    0.000    0.001    0.000 {built-in method builtins.any}
       11    0.000    0.000    0.001    0.000 http_parser.py:931(__init__)
        3    0.000    0.000    0.000    0.000 {built-in method today}
       22    0.000    0.000    0.000    0.000 streams.py:500(_read_nowait)
       22    0.000    0.000    0.000    0.000 helpers.py:689(__enter__)
        2    0.000    0.000    0.000    0.000 _compiler.py:509(_compile_info)
       11    0.000    0.000    0.000    0.000 connector.py:1232(_convert_hosts_to_addr_infos)
       47    0.000    0.000    0.000    0.000 parse.py:193(_userinfo)
       44    0.000    0.000    0.000    0.000 tasks.py:35(current_task)
       11    0.000    0.000    0.000    0.000 cookiejar.py:1261(__init__)
       77    0.000    0.000    0.000    0.000 threading.py:267(__exit__)
       11    0.000    0.000    0.001    0.000 connector.py:180(release)
    84/26    0.000    0.000    0.001    0.000 <frozen abc>:121(__subclasscheck__)
       11    0.000    0.000    0.005    0.000 sslproto.py:605(_start_shutdown)
       35    0.000    0.000    0.000    0.000 sslproto.py:874(_control_ssl_reading)
       11    0.000    0.000    0.000    0.000 client_reqrep.py:1150(get_encoding)
       22    0.000    0.000    0.001    0.000 client_reqrep.py:1069(release)
      137    0.000    0.000    0.000    0.000 {method 'find' of 'str' objects}
        3    0.000    0.000    2.424    0.808 client.py:311(begin)
       17    0.000    0.000    0.002    0.000 structures.py:40(__init__)
        8    0.000    0.000    0.001    0.000 cookiejar.py:232(http2time)
       22    0.000    0.000    0.002    0.000 sslproto.py:207(write)
        6    0.000    0.000    0.000    0.000 <frozen ntpath>:319(expanduser)
       11    0.000    0.000    0.000    0.000 cookies.py:485(__set)
       11    0.000    0.000    0.000    0.000 ipaddress.py:1183(_ip_int_from_string)
       12    0.000    0.000    0.000    0.000 url.py:303(_normalize_host)
       11    0.000    0.000    0.000    0.000 _url.py:749(_normalize_path)
       69    0.000    0.000    0.000    0.000 threading.py:279(_is_owned)
       11    0.000    0.000    0.001    0.000 proactor_events.py:28(_set_socket_extra)
      133    0.000    0.000    0.000    0.000 {method 'fileno' of '_socket.socket' objects}
       14    0.000    0.000    0.000    0.000 cookiejar.py:550(domain_match)
       40    0.000    0.000    0.001    0.000 cookies.py:49(get_full_url)
        6    0.000    0.000    0.000    0.000 client.py:417(close)
        4    0.000    0.000    0.001    0.000 ssl.py:1263(sendall)
       42    0.000    0.000    0.000    0.000 cookiejar.py:535(is_HDN)
      109    0.000    0.000    0.000    0.000 windows_events.py:428(_check_closed)
        6    0.000    0.000    0.000    0.000 {method 'readlines' of '_io._IOBase' objects}
        5    0.000    0.000    0.001    0.000 windows_events.py:458(recv)
        3    0.000    0.000    0.000    0.000 response.py:564(__init__)
       93    0.000    0.000    0.000    0.000 structures.py:58(<genexpr>)
       22    0.000    0.000    0.000    0.000 timeouts.py:33(__init__)
       64    0.000    0.000    0.000    0.000 feedparser.py:127(__next__)
       11    0.000    0.000    0.001    0.000 connector.py:662(_release)
      156    0.000    0.000    0.000    0.000 {built-in method time.monotonic}
        2    0.000    0.000    0.001    0.000 _compiler.py:571(_code)
       22    0.000    0.000    0.000    0.000 streams.py:635(read)
       13    0.000    0.000    0.002    0.000 __init__.py:299(loads)
       11    0.000    0.000    0.000    0.000 client_proto.py:26(__init__)
       11    0.000    0.000    0.002    0.000 base_protocol.py:61(connection_made)
       37    0.000    0.000    0.000    0.000 {built-in method builtins.next}
       11    0.000    0.000    0.001    0.000 base_events.py:191(_set_nodelay)
       13    0.000    0.000    0.000    0.000 streams.py:473(_read_nowait_chunk)
       11    0.000    0.000    0.001    0.000 http_writer.py:78(write)
        3    0.000    0.000    0.000    0.000 client.py:1086(putrequest)
       84    0.000    0.000    0.000    0.000 utils.py:51(_has_surrogates)
        3    0.000    0.000    2.420    0.807 client.py:278(_read_status)
       33    0.000    0.000    0.001    0.000 _quoting_c.pyx:204(__call__)
        3    0.000    0.000    0.006    0.002 utils.py:765(should_bypass_proxies)
       12    0.000    0.000    0.001    0.000 __init__.py:183(dumps)
        8    0.000    0.000    0.001    0.000 cookies.py:521(cookiejar_from_dict)
       11    0.000    0.000    0.000    0.000 helpers.py:802(set_exception)
       22    0.000    0.000    0.000    0.000 timeouts.py:93(__aexit__)
       24    0.000    0.000    0.000    0.000 streams.py:242(feed_data)
       81    0.000    0.000    0.001    0.000 _policybase.py:311(header_fetch_parse)
       11    0.000    0.000    0.000    0.000 tasks.py:754(_done_callback)
       11    0.000    0.000    0.001    0.000 client_reqrep.py:1130(read)
       21    0.000    0.000    0.001    0.000 cookiejar.py:677(escape_path)
      251    0.000    0.000    0.000    0.000 {method 'done' of '_asyncio.Future' objects}
       12    0.000    0.000    0.000    0.000 {method 'format' of 'str' objects}
       11    0.000    0.000    0.001    0.000 _url.py:763(_encode_host)
        3    0.000    0.000    0.002    0.001 models.py:409(prepare_url)
       11    0.000    0.000    0.005    0.000 client_proto.py:68(close)
        3    0.000    0.000    0.003    0.001 connectionpool.py:1178(_close_pool_connections)
       11    0.000    0.000    0.000    0.000 ipaddress.py:1282(__init__)
        3    0.000    0.000    0.001    0.000 connectionpool.py:1050(_new_conn)
       11    0.000    0.000    0.001    0.000 streams.py:355(read)
       22    0.000    0.000    0.007    0.000 proactor_events.py:725(sock_connect)
       55    0.000    0.000    0.000    0.000 windows_events.py:570(finish_send)
       14    0.000    0.000    0.002    0.000 cookiejar.py:726(is_third_party)
       22    0.000    0.000    0.000    0.000 helpers.py:703(__exit__)
        3    0.000    0.000    0.138    0.046 connection.py:192(_new_conn)
        3    0.000    0.000    0.006    0.002 utils.py:114(proxy_bypass)
       14    0.000    0.000    0.000    0.000 copy.py:66(copy)
       81    0.000    0.000    0.000    0.000 {method 'endswith' of 'str' objects}
       44    0.000    0.000    0.000    0.000 {method 'cancel' of '_asyncio.Task' objects}
       14    0.000    0.000    0.000    0.000 cookiejar.py:1667(set_cookie)
       45    0.000    0.000    0.000    0.000 util.py:19(to_str)
       11    0.000    0.000    0.004    0.000 client.py:440(_build_url)
       21    0.000    0.000    0.000    0.000 mixins.py:12(_get_loop)
       32    0.000    0.000    0.000    0.000 {method 'fullmatch' of 're.Pattern' objects}
       20    0.000    0.000    0.001    0.000 locks.py:25(wait)
       11    0.000    0.000    0.000    0.000 http_parser.py:987(feed_eof)
       11    0.000    0.000    0.000    0.000 <attrs generated init aiohttp.client_reqrep.ConnectionKey>:1(__init__)
        9    0.000    0.000    0.548    0.061 models.py:890(content)
      102    0.000    0.000    0.000    0.000 {method 'add_done_callback' of '_asyncio.Task' objects}
       11    0.000    0.000    0.001    0.000 tasks.py:366(create_task)
      225    0.000    0.000    0.000    0.000 {method 'strip' of 'str' objects}
        3    0.000    0.000    0.006    0.002 async_summary.py:92(async_concatenate_summaries)
       12    0.000    0.000    0.000    0.000 message.py:591(get_content_type)
        3    0.000    0.000    0.001    0.000 cookiejar.py:1356(add_cookie_header)
       24    0.000    0.000    0.000    0.000 sslproto.py:423(get_buffer)
      297    0.000    0.000    0.000    0.000 _quoting_c.pyx:98(_write_char)
        3    0.000    0.000    0.005    0.002 models.py:351(prepare)
       69    0.000    0.000    0.000    0.000 queue.py:248(_qsize)
       33    0.000    0.000    0.000    0.000 client_reqrep.py:364(is_ssl)
        3    0.000    0.000    0.006    0.002 adapters.py:359(build_response)
       34    0.000    0.000    0.000    0.000 base_events.py:1840(_timer_handle_cancelled)
       12    0.000    0.000    0.000    0.000 timeout.py:109(__init__)
       11    0.000    0.000    0.001    0.000 tasks.py:881(_inner_done_callback)
       55    0.000    0.000    0.000    0.000 cookies.py:190(_unquote)
    18/17    0.000    0.000    0.001    0.000 typing.py:352(inner)
      105    0.000    0.000    0.000    0.000 {built-in method builtins.hash}
       22    0.000    0.000    0.000    0.000 transports.py:277(_maybe_pause_protocol)
       17    0.000    0.000    0.000    0.000 typing.py:1304(__instancecheck__)
       12    0.000    0.000    0.000    0.000 client_reqrep.py:157(_merge_ssl_params)
        6    0.000    0.000    0.000    0.000 url.py:263(_remove_path_dot_segments)
       44    0.000    0.000    0.001    0.000 client_reqrep.py:1101(_release_connection)
       11    0.000    0.000    0.000    0.000 ipaddress.py:1617(_ip_int_from_string)
        3    0.000    0.000    0.001    0.000 models.py:483(prepare_headers)
        1    0.000    0.000    0.000    0.000 chunker.py:4(create_chunks)
        1    0.000    0.000    0.000    0.000 {method 'listen' of '_socket.socket' objects}
        3    0.000    0.000    0.000    0.000 client.py:838(__init__)
       55    0.000    0.000    0.000    0.000 message.py:506(set_raw)
       15    0.000    0.000    0.000    0.000 structures.py:57(__iter__)
        6    0.000    0.000    0.001    0.000 utils.py:838(select_proxy)
        2    0.000    0.000    0.001    0.000 _parser.py:972(parse)
        6    0.000    0.000    0.002    0.000 feedparser.py:176(_call_parse)
       11    0.000    0.000    0.000    0.000 {method 'copy' of 'multidict._multidict.CIMultiDict' objects}
        3    0.000    0.000    0.000    0.000 message.py:486(<listcomp>)
       11    0.000    0.000    0.000    0.000 _url.py:462(user)
        3    0.000    0.000    0.012    0.004 sessions.py:750(merge_environment_settings)
       27    0.000    0.000    0.000    0.000 url.py:332(_idna_encode)
       11    0.000    0.000    0.001    0.000 windows_events.py:632(finish_connect)
       55    0.000    0.000    0.000    0.000 tasks.py:414(<genexpr>)
       14    0.000    0.000    0.000    0.000 cookiejar.py:691(reach)
        3    0.000    0.000    0.001    0.000 utils.py:76(proxy_bypass_registry)
       22    0.000    0.000    0.000    0.000 tasks.py:541(_cancel_and_wait)
      297    0.000    0.000    0.000    0.000 _quoting_c.pyx:59(bit_at)
        4    0.000    0.000    0.001    0.000 cookiejar.py:1096(return_ok)
       33    0.000    0.000    0.000    0.000 tasks.py:509(_on_completion)
       11    0.000    0.000    0.000    0.000 connector.py:647(_release_acquired)
       11    0.000    0.000    0.000    0.000 connector.py:590(_get)
       17    0.000    0.000    0.000    0.000 typing.py:1579(__subclasscheck__)
       11    0.000    0.000    0.000    0.000 helpers.py:642(timer)
        2    0.000    0.000    0.001    0.000 sessions.py:390(__init__)
       33    0.000    0.000    0.000    0.000 client_reqrep.py:1114(_cleanup_writer)
        3    0.000    0.000    0.000    0.000 feedparser.py:52(__init__)
       11    0.000    0.000    0.000    0.000 client_reqrep.py:1119(_notify_content)
        3    0.000    0.000    0.185    0.062 ssl.py:1372(do_handshake)
       11    0.000    0.000    0.000    0.000 streams.py:585(__init__)
       21    0.000    0.000    0.000    0.000 connection.py:359(<genexpr>)
       22    0.000    0.000    0.000    0.000 helpers.py:724(ceil_timeout)
       11    0.000    0.000    0.000    0.000 _url.py:705(_validate_authority_uri_abs_path)
       24    0.000    0.000    0.000    0.000 client_proto.py:212(_reschedule_timeout)
        2    0.000    0.000    0.001    0.000 windows_events.py:867(close)
        2    0.000    0.000    0.003    0.001 threading.py:938(start)
       11    0.000    0.000    0.000    0.000 cookiejar.py:248(filter_cookies)
       11    0.000    0.000    0.003    0.000 cookies.py:525(load)
        6    0.000    0.000    0.008    0.001 cookies.py:124(extract_cookies_to_jar)
       11    0.000    0.000    0.001    0.000 cookiejar.py:647(request_path)
       68    0.000    0.000    0.000    0.000 {built-in method builtins.min}
       33    0.000    0.000    0.000    0.000 impl.py:200(<genexpr>)
        1    0.000    0.000    0.000    0.000 _compiler.py:241(_optimize_charset)
       23    0.000    0.000    0.000    0.000 {built-in method _heapq.heappop}
        4    0.000    0.000    0.000    0.000 adapters.py:202(__init__)
        1    0.000    0.000    0.002    0.002 socket.py:616(socketpair)
       11    0.000    0.000    0.004    0.000 proactor_events.py:610(__init__)
        1    0.000    0.000    0.000    0.000 _transcripts.py:278(<dictcomp>)
       89    0.000    0.000    0.000    0.000 {built-in method _asyncio.get_running_loop}
       50    0.000    0.000    0.000    0.000 futures.py:299(_get_loop)
        4    0.000    0.000    0.001    0.000 client.py:971(send)
       14    0.000    0.000    0.001    0.000 ssl.py:503(_encode_hostname)
       72    0.000    0.000    0.000    0.000 {method '__enter__' of '_thread.lock' objects}
        3    0.000    0.000    0.004    0.001 client.py:224(parse_headers)
        1    0.000    0.000    0.000    0.000 client.py:254(__init__)
        3    0.000    0.000    0.000    0.000 queue.py:34(__init__)
        3    0.000    0.000    2.424    0.808 client.py:1334(getresponse)
        3    0.000    0.000    0.002    0.001 connection.py:275(close)
       11    0.000    0.000    0.001    0.000 client.py:1360(__aexit__)
        3    0.000    0.000    0.000    0.000 response.py:316(__init__)
       30    0.000    0.000    0.000    0.000 utils.py:1045(_validate_header_part)
       22    0.000    0.000    0.000    0.000 timeouts.py:50(reschedule)
       25    0.000    0.000    0.000    0.000 {method 'extend' of 'list' objects}
        2    0.000    0.000    0.002    0.001 _compiler.py:738(compile)
       25    0.000    0.000    0.000    0.000 parse.py:156(username)
       11    0.000    0.000    0.000    0.000 {method 'update' of 'multidict._multidict.MultiDict' objects}
        1    0.000    0.000    0.000    0.000 thread.py:123(__init__)
       14    0.000    0.000    0.001    0.000 windows_events.py:83(cancel)
       11    0.000    0.000    0.000    0.000 cookiejar.py:317(_is_domain_match)
       36    0.000    0.000    0.000    0.000 {built-in method builtins.issubclass}
       12    0.000    0.000    0.000    0.000 locks.py:167(__init__)
       24    0.000    0.000    0.000    0.000 <frozen _collections_abc>:790(items)
      103    0.000    0.000    0.000    0.000 {method 'clear' of 'list' objects}
       71    0.000    0.000    0.000    0.000 {built-in method _contextvars.copy_context}
        3    0.000    0.000    0.003    0.001 parser.py:41(parse)
       11    0.000    0.000    0.000    0.000 sslproto.py:482(_get_extra_info)
        1    0.000    0.000    0.005    0.005 connector.py:429(_close)
       11    0.000    0.000    0.000    0.000 streams.py:618(feed_data)
       11    0.000    0.000    0.001    0.000 ssl.py:527(wrap_bio)
        3    0.000    0.000    0.000    0.000 feedparser.py:100(push)
       29    0.000    0.000    0.000    0.000 {built-in method _asyncio._get_running_loop}
        1    0.000    0.000    0.002    0.002 thread.py:180(_adjust_thread_count)
       28    0.000    0.000    0.000    0.000 _parser.py:233(__next)
       34    0.000    0.000    0.000    0.000 _weakrefset.py:63(__iter__)
        3    0.000    0.000    0.000    0.000 client.py:248(__init__)
        7    0.000    0.000    0.000    0.000 ssl.py:732(verify_mode)
       11    0.000    0.000    0.001    0.000 client_reqrep.py:403(update_host)
        3    0.000    0.000    0.002    0.001 threading.py:288(wait)
       11    0.000    0.000    0.000    0.000 <attrs generated init aiohttp.client_reqrep.RequestInfo>:1(__init__)
       18    0.000    0.000    0.000    0.000 {method 'update' of 'dict' objects}
        3    0.000    0.000    0.002    0.001 poolmanager.py:230(_new_pool)
       22    0.000    0.000    0.000    0.000 _url.py:1028(with_fragment)
       11    0.000    0.000    0.003    0.000 sslproto.py:641(_do_shutdown)
        1    0.000    0.000    0.000    0.000 tasks.py:718(gather)
       11    0.000    0.000    0.000    0.000 connector.py:730(next_addrs)
       11    0.000    0.000    0.000    0.000 helpers.py:162(from_url)
       11    0.000    0.000    0.001    0.000 trsock.py:73(setsockopt)
       11    0.000    0.000    0.001    0.000 _url.py:785(_make_netloc)
       11    0.000    0.000    0.000    0.000 impl.py:89(<genexpr>)
       12    0.000    0.000    0.000    0.000 connection.py:163(host)
       55    0.000    0.000    0.000    0.000 {method 'get' of 'multidict._multidict.MultiDict' objects}
       22    0.000    0.000    0.000    0.000 http_parser.py:997(begin_http_chunk_receiving)
       11    0.000    0.000    0.000    0.000 _url.py:378(is_default_port)
       14    0.000    0.000    0.000    0.000 {method 'flush' of 'zlib.Decompress' objects}
        3    0.000    0.000    0.000    0.000 feedparser.py:137(__init__)
        3    0.000    0.000    0.000    0.000 connection.py:513(__init__)
        3    0.000    0.000    0.325    0.108 connectionpool.py:1091(_validate_conn)
       11    0.000    0.000    0.000    0.000 client_reqrep.py:856(_writer)
       11    0.000    0.000    0.001    0.000 proactor_events.py:333(__init__)
       22    0.000    0.000    0.000    0.000 streams.py:397(readany)
       11    0.000    0.000    0.001    0.000 payload.py:245(write)
        1    0.000    0.000    0.000    0.000 futures.py:345(_copy_future_state)
        1    0.000    0.000    0.000    0.000 base_events.py:389(__init__)
        3    0.000    0.000    0.000    0.000 response.py:40(assert_header_parsing)
        3    0.000    0.000    0.000    0.000 models.py:658(__init__)
        3    0.000    0.000    0.002    0.001 poolmanager.py:331(connection_from_pool_key)
        3    0.000    0.000    1.091    0.364 base_events.py:617(run_until_complete)
       11    0.000    0.000    0.000    0.000 sslproto.py:361(_wakeup_waiter)
        3    0.000    0.000    0.002    0.001 url.py:351(_encode_target)
       18    0.000    0.000    0.000    0.000 <frozen _collections_abc>:778(__contains__)
        7    0.000    0.000    0.001    0.000 proactor_events.py:789(_loop_self_reading)
        1    0.000    0.000    1.089    1.089 runners.py:86(run)
       22    0.000    0.000    0.000    0.000 http_parser.py:1000(end_http_chunk_receiving)
        3    0.000    0.000    0.000    0.000 adapters.py:304(cert_verify)
        4    0.000    0.000    0.000    0.000 retry.py:198(__init__)
       13    0.000    0.000    0.001    0.000 compression_utils.py:106(decompress_sync)
        3    0.000    0.000    0.186    0.062 ssl.py:511(wrap_socket)
       11    0.000    0.000    0.000    0.000 client_reqrep.py:510(update_transfer_encoding)
       22    0.000    0.000    0.000    0.000 sslproto.py:371(_get_app_transport)
       11    0.000    0.000    0.002    0.000 ssl.py:932(getpeercert)
        2    0.000    0.000    0.002    0.001 threading.py:604(wait)
       42    0.000    0.000    0.000    0.000 connection.py:312(<genexpr>)
        8    0.000    0.000    0.000    0.000 cookiejar.py:81(_timegm)
        3    0.000    0.000    0.001    0.000 connectionpool.py:259(_get_conn)
        3    0.000    0.000    0.003    0.001 adapters.py:446(get_connection_with_tls_context)
       33    0.000    0.000    0.000    0.000 queue.py:254(_get)
       22    0.000    0.000    0.000    0.000 streams.py:268(end_http_chunk_receiving)
        2    0.000    0.000    0.000    0.000 threading.py:849(__init__)
        7    0.000    0.000    0.000    0.000 __init__.py:1734(isEnabledFor)
       11    0.000    0.000    0.001    0.000 ssl.py:866(_create)
       11    0.000    0.000    0.000    0.000 client_reqrep.py:493(update_content_encoding)
       11    0.000    0.000    0.004    0.000 sslproto.py:636(_do_flush)
        6    0.000    0.000    0.000    0.000 parse.py:413(_splitnetloc)
       11    0.000    0.000    0.000    0.000 trsock.py:18(family)
        1    0.000    0.000    0.002    0.002 video.py:9(extract_youtube_video_id)
        3    0.000    0.000    0.000    0.000 adapters.py:90(_urllib3_request_context)
       11    0.000    0.000    0.000    0.000 sslproto.py:883(_set_read_buffer_limits)
       33    0.000    0.000    0.000    0.000 queue.py:251(_put)
       22    0.000    0.000    0.002    0.000 streams.py:173(on_eof)
       11    0.000    0.000    0.000    0.000 transports.py:270(__init__)
        4    0.000    0.000    0.001    0.000 poolmanager.py:268(clear)
       14    0.000    0.000    0.000    0.000 {method 'getpeername' of '_socket.socket' objects}
        1    0.000    0.000    0.000    0.000 tasks.py:61(<setcomp>)
        3    0.000    0.000    0.000    0.000 models.py:258(__init__)
        1    0.000    0.000    0.000    0.000 futures.py:365(_chain_future)
       11    0.000    0.000    0.000    0.000 client_reqrep.py:398(request_info)
        3    0.000    0.000    0.002    0.001 connectionpool.py:986(__init__)
       11    0.000    0.000    0.000    0.000 http_writer.py:31(__init__)
        9    0.000    0.000    0.000    0.000 url.py:326(<listcomp>)
        1    0.000    0.000    0.007    0.007 _transcripts.py:51(_extract_captions_json)
        3    0.000    0.000    0.000    0.000 ssl.py:566(set_alpn_protocols)
        2    0.000    0.000    0.000    0.000 {built-in method _signal.set_wakeup_fd}
       55    0.000    0.000    0.000    0.000 _url.py:420(scheme)
        3    0.000    0.000    1.091    0.364 windows_events.py:317(run_forever)
       11    0.000    0.000    0.000    0.000 connector.py:1027(_get_fingerprint)
       55    0.000    0.000    0.000    0.000 _collections.py:291(__iter__)
       11    0.000    0.000    0.000    0.000 helpers.py:177(strip_auth_from_url)
       11    0.000    0.000    0.000    0.000 connector.py:474(_available_connections)
        4    0.000    0.000    0.000    0.000 _collections.py:143(clear)
       11    0.000    0.000    0.000    0.000 cookiejar.py:884(__init__)
       22    0.000    0.000    0.000    0.000 sslproto.py:57(add_flowcontrol_defaults)
       11    0.000    0.000    0.000    0.000 ssl.py:981(unwrap)
        1    0.000    0.000    0.003    0.003 base_events.py:815(run_in_executor)
       15    0.000    0.000    0.000    0.000 {method 'subn' of 're.Pattern' objects}
        3    0.000    0.000    0.000    0.000 weakref.py:568(__init__)
        1    0.000    0.000    1.097    1.097 runners.py:160(run)
        3    0.000    0.000    0.003    0.001 parser.py:59(parsestr)
        3    0.000    0.000    0.000    0.000 {method 'Close' of 'PyHKEY' objects}
        1    0.000    0.000    2.336    2.336 api.py:103(post)
       11    0.000    0.000    0.000    0.000 cookies.py:491(__setitem__)
        3    0.000    0.000    0.001    0.000 _collections.py:242(__init__)
       96    0.000    0.000    0.000    0.000 {method 'items' of 'dict' objects}
        3    0.000    0.000    0.001    0.000 connection.py:290(putrequest)
        4    0.000    0.000    0.000    0.000 poolmanager.py:200(__init__)
       11    0.000    0.000    0.000    0.000 cookiejar.py:171(_expire_cookie)
       22    0.000    0.000    0.001    0.000 ssl.py:924(write)
       12    0.000    0.000    0.000    0.000 message.py:29(_splitparam)
        3    0.000    0.000    0.003    0.001 weakref.py:585(__call__)
        3    0.000    0.000    0.003    0.001 poolmanager.py:306(connection_from_context)
        3    0.000    0.000    0.000    0.000 request.py:2667(getproxies_registry)
      4/2    0.000    0.000    0.000    0.000 _parser.py:174(getwidth)
        9    0.000    0.000    0.000    0.000 cookies.py:35(__init__)
       59    0.000    0.000    0.000    0.000 {method 'pop' of 'list' objects}
        1    0.000    0.000    0.000    0.000 connector.py:775(__init__)
       56    0.000    0.000    0.000    0.000 <frozen _collections_abc>:409(__subclasshook__)
       11    0.000    0.000    0.000    0.000 _url.py:480(password)
        6    0.000    0.000    0.000    0.000 contextlib.py:104(__init__)
       44    0.000    0.000    0.000    0.000 cookiejar.py:357(<genexpr>)
       10    0.000    0.000    0.001    0.000 cookiejar.py:983(set_ok_verifiability)
       31    0.000    0.000    0.000    0.000 {method 'groups' of 're.Match' objects}
       14    0.000    0.000    0.000    0.000 windows_events.py:67(_cancel_overlapped)
        1    0.000    0.000    0.236    0.236 ssl.py:745(create_default_context)
        1    0.000    0.000    0.005    0.005 runners.py:65(close)
       15    0.000    0.000    0.001    0.000 cookiejar.py:636(eff_request_host)
        1    0.000    0.000    0.002    0.002 proactor_events.py:631(__init__)
       15    0.000    0.000    0.000    0.000 utils.py:1034(check_header_validity)
      157    0.000    0.000    0.000    0.000 {method 'done' of '_asyncio.Task' objects}
       78    0.000    0.000    0.000    0.000 proactor_events.py:880(_process_events)
        2    0.000    0.000    0.005    0.003 client.py:1185(close)
        2    0.000    0.000    0.000    0.000 base_tasks.py:9(_task_repr_info)
        1    0.000    0.000    2.336    2.336 sync_summary.py:81(final_summary)
       24    0.000    0.000    0.000    0.000 windows_events.py:492(finish_recv)
        1    0.000    0.000    0.000    0.000 typing.py:1353(__init__)
       11    0.000    0.000    0.000    0.000 cookiejar.py:168(_do_expiration)
        2    0.000    0.000    0.003    0.001 resolver.py:34(resolve)
        3    0.000    0.000    0.000    0.000 connection.py:133(__init__)
       13    0.000    0.000    0.000    0.000 client.py:1195(closed)
       89    0.000    0.000    0.000    0.000 {method '__exit__' of '_thread.lock' objects}
        3    0.000    0.000    0.002    0.001 client.py:957(close)
        6    0.000    0.000    0.001    0.000 <frozen genericpath>:16(exists)
       11    0.000    0.000    0.000    0.000 cookies.py:349(set)
       20    0.000    0.000    0.000    0.000 _parser.py:164(__getitem__)
        6    0.000    0.000    0.000    0.000 contextlib.py:141(__exit__)
       11    0.000    0.000    0.000    0.000 streams.py:182(feed_eof)
       11    0.000    0.000    0.011    0.001 sslproto.py:379(connection_made)
        3    0.000    0.000    0.000    0.000 sessions.py:724(<listcomp>)
        4    0.000    0.000    0.000    0.000 ssl.py:740(verify_mode)
        4    0.000    0.000    0.000    0.000 enum.py:1509(__and__)
       66    0.000    0.000    0.000    0.000 {method 'setdefault' of 'dict' objects}
        1    0.000    0.000    0.000    0.000 _transcripts.py:119(build)
       35    0.000    0.000    0.000    0.000 sslproto.py:889(_get_read_buffer_size)
       24    0.000    0.000    0.000    0.000 client.py:1011(_output)
       11    0.000    0.000    0.000    0.000 client_reqrep.py:607(keep_alive)
      103    0.000    0.000    0.000    0.000 {method 'end' of 're.Match' objects}
       72    0.000    0.000    0.000    0.000 {method 'lstrip' of 'str' objects}
        2    0.000    0.000    0.000    0.000 _parser.py:446(_uniq)
        1    0.000    0.000    0.000    0.000 __init__.py:71(search_function)
        3    0.000    0.000    0.000    0.000 models.py:494(prepare_body)
        6    0.000    0.000    0.000    0.000 {built-in method sys.set_asyncgen_hooks}
        3    0.000    0.000    0.000    0.000 cookiejar.py:1297(_cookie_attrs)
        3    0.000    0.000    0.001    0.000 adapters.py:546(request_url)
       11    0.000    0.000    0.000    0.000 cookies.py:607(value_decode)
       66    0.000    0.000    0.000    0.000 client_reqrep.py:852(_writer)
       11    0.000    0.000    0.000    0.000 http_writer.py:132(write_eof)
       11    0.000    0.000    0.000    0.000 streams.py:155(set_exception)
       14    0.000    0.000    0.000    0.000 {function _OverlappedFuture.cancel at 0x000001D078A25940}
        3    0.000    0.000    0.001    0.000 client.py:1032(_send_output)
       22    0.000    0.000    0.000    0.000 client_reqrep.py:394(port)
        3    0.000    0.000    0.000    0.000 models.py:106(_encode_params)
        3    0.000    0.000    0.003    0.001 poolmanager.py:277(connection_from_host)
       11    0.000    0.000    0.000    0.000 client_reqrep.py:591(update_proxy)
        6    0.000    0.000    0.000    0.000 cookies.py:358(update)
        1    0.000    0.000    0.000    0.000 threading.py:433(acquire)
        1    0.000    0.000    0.000    0.000 __init__.py:43(normalize_encoding)
        1    0.000    0.000    0.000    0.000 typing.py:658(Union)
       22    0.000    0.000    0.000    0.000 proactor_events.py:174(get_write_buffer_size)
        2    0.000    0.000    0.000    0.000 _transcripts.py:32(_raise_http_errors)
        6    0.000    0.000    0.000    0.000 url.py:100(__new__)
        1    0.000    0.000    0.000    0.000 parse.py:729(parse_qsl)
       83    0.000    0.000    0.000    0.000 {method 'result' of '_asyncio.Future' objects}
       66    0.000    0.000    0.000    0.000 connector.py:158(protocol)
       22    0.000    0.000    0.000    0.000 parse.py:160(password)
       11    0.000    0.000    0.000    0.000 {method 'finditer' of 're.Pattern' objects}
       88    0.000    0.000    0.000    0.000 parse.py:108(_noop)
        3    0.000    0.000    0.000    0.000 request.py:189(body_to_chunks)
        1    0.000    0.000    0.002    0.002 thread.py:161(submit)
        3    0.000    0.000    0.000    0.000 typing.py:168(_type_check)
       11    0.000    0.000    0.000    0.000 {built-in method builtins.sorted}
        1    0.000    0.000    0.000    0.000 tasks.py:42(all_tasks)
       11    0.000    0.000    0.000    0.000 client_reqrep.py:351(_writer)
       11    0.000    0.000    0.000    0.000 helpers.py:977(method_must_be_empty_body)
       10    0.000    0.000    0.001    0.000 cookiejar.py:1004(set_ok_path)
       11    0.000    0.000    0.000    0.000 client_reqrep.py:582(update_expect_continue)
        1    0.000    0.000    0.000    0.000 {built-in method nt.cpu_count}
        1    0.000    0.000    0.001    0.001 cookiejar.py:1272(_cookies_for_domain)
       11    0.000    0.000    0.000    0.000 connector.py:108(__init__)
        6    0.000    0.000    0.002    0.000 socket.py:495(_real_close)
        3    0.000    0.000    0.006    0.002 request.py:2716(getproxies)
       11    0.000    0.000    0.000    0.000 transports.py:19(get_extra_info)
       51    0.000    0.000    0.000    0.000 {method 'discard' of 'set' objects}
        2    0.000    0.000    1.010    0.505 sessions.py:593(get)
       24    0.000    0.000    0.000    0.000 {method 'rstrip' of 'bytes' objects}
        3    0.000    0.000    0.012    0.004 utils.py:826(get_environ_proxies)
        6    0.000    0.000    0.000    0.000 contextlib.py:287(helper)
       11    0.000    0.000    0.005    0.000 sslproto.py:102(close)
        3    0.000    0.000    0.000    0.000 _collections.py:102(__setitem__)
       45    0.000    0.000    0.000    0.000 {method 'remove' of 'set' objects}
        6    0.000    0.000    0.000    0.000 cookies.py:542(merge_cookies)
        3    0.000    0.000    0.001    0.000 cookies.py:140(get_cookie_header)
       11    0.000    0.000    0.000    0.000 helpers.py:611(__init__)
       28    0.000    0.000    0.000    0.000 {method 'acquire' of '_thread.RLock' objects}
        3    0.000    0.000    0.000    0.000 response.py:437(_init_decoder)
        7    0.000    0.000    0.000    0.000 typing.py:1297(__setattr__)
        1    0.000    0.000    0.838    0.838 _api.py:18(list_transcripts)
       14    0.000    0.000    0.000    0.000 cookies.py:43(get_host)
       11    0.000    0.000    0.000    0.000 sslproto.py:89(get_extra_info)
        3    0.000    0.000    0.000    0.000 response.py:118(__init__)
       11    0.000    0.000    0.000    0.000 client_reqrep.py:1109(_wait_released)
       20    0.000    0.000    0.000    0.000 _parser.py:254(get)
        3    0.000    0.000    0.000    0.000 socket.py:680(__init__)
        4    0.000    0.000    0.000    0.000 adapters.py:240(init_poolmanager)
        3    0.000    0.000    0.000    0.000 response.py:1062(closed)
        6    0.000    0.000    0.000    0.000 timeout.py:188(clone)
       20    0.000    0.000    0.000    0.000 {method 'copy' of 'dict' objects}
       11    0.000    0.000    0.000    0.000 helpers.py:786(set_result)
        1    0.000    0.000    0.000    0.000 connector.py:224(__init__)
       14    0.000    0.000    0.001    0.000 tasks.py:644(ensure_future)
       19    0.000    0.000    0.000    0.000 {built-in method builtins.max}
       11    0.000    0.000    0.000    0.000 http_writer.py:162(drain)
        3    0.000    0.000    0.186    0.062 ssl_.py:392(ssl_wrap_socket)
        1    0.000    0.000    0.002    0.002 proactor_events.py:782(_make_self_pipe)
        2    0.000    0.000    0.000    0.000 {built-in method time.localtime}
        3    0.000    0.000    0.000    0.000 utils.py:539(get_encoding_from_headers)
        6    0.000    0.000    0.003    0.000 socket.py:499(close)
        1    0.000    0.000    0.006    0.006 _transcripts.py:351(parse)
        1    0.000    0.000    0.000    0.000 {built-in method time.get_clock_info}
       22    0.000    0.000    0.000    0.000 contextlib.py:434(__exit__)
        3    0.000    0.000    0.000    0.000 {method 'getsockopt' of '_socket.socket' objects}
       11    0.000    0.000    0.001    0.000 proactor_events.py:615(_set_extra)
        4    0.000    0.000    0.000    0.000 _collections.py:84(__init__)
       40    0.000    0.000    0.000    0.000 {method 'replace' of 'str' objects}
        4    0.000    0.000    0.000    0.000 {method '__reduce_ex__' of 'object' objects}
       11    0.000    0.000    0.000    0.000 {method 'cipher' of '_ssl._SSLSocket' objects}
        1    0.000    0.000    0.206    0.206 _transcripts.py:283(fetch)
       11    0.000    0.000    0.000    0.000 client_reqrep.py:225(_is_expected_content_type)
        7    0.000    0.000    0.000    0.000 __init__.py:1467(debug)
       11    0.000    0.000    0.000    0.000 connector.py:166(_notify_release)
        1    0.000    0.000    0.000    0.000 locks.py:182(set)
        3    0.000    0.000    0.000    0.000 utils.py:1018(get_auth_from_url)
       11    0.000    0.000    0.000    0.000 sslproto.py:350(_set_app_protocol)
       11    0.000    0.000    0.000    0.000 sslproto.py:848(_set_write_buffer_limits)
       33    0.000    0.000    0.000    0.000 transports.py:295(_maybe_resume_protocol)
       24    0.000    0.000    0.000    0.000 <frozen _collections_abc>:812(__init__)
        1    0.000    0.000    0.000    0.000 events.py:750(_init_event_loop_policy)
        3    0.000    0.000    0.000    0.000 connectionpool.py:82(__init__)
       23    0.000    0.000    0.000    0.000 {method 'rfind' of 'str' objects}
       11    0.000    0.000    0.000    0.000 ipaddress.py:1854(_split_scope_id)
       11    0.000    0.000    0.000    0.000 base_protocol.py:18(__init__)
       26    0.000    0.000    0.000    0.000 {built-in method time.time}
       22    0.000    0.000    0.000    0.000 streams.py:260(begin_http_chunk_receiving)
       33    0.000    0.000    0.000    0.000 {method 'get' of 'multidict._multidict.MultiDictProxy' objects}
       17    0.000    0.000    0.000    0.000 cookiejar.py:1753(__iter__)
        1    0.000    0.000    1.049    1.049 video.py:43(get_transcript)
        3    0.000    0.000    0.000    0.000 models.py:85(path_url)
        1    0.000    0.000    0.000    0.000 socket.py:287(accept)
        1    0.000    0.000    0.000    0.000 typing.py:702(Optional)
       14    0.000    0.000    0.000    0.000 cookies.py:90(unverifiable)
       11    0.000    0.000    0.000    0.000 client_reqrep.py:1088(raise_for_status)
       39    0.000    0.000    0.000    0.000 cookiejar.py:44(_debug)
        3    0.000    0.000    0.001    0.000 client.py:1270(endheaders)
        4    0.000    0.000    0.001    0.000 ssl.py:1236(send)
       33    0.000    0.000    0.000    0.000 {method 'add' of 'multidict._multidict.MultiDict' objects}
        3    0.000    0.000    0.000    0.000 utils.py:514(_parse_content_type_header)
        3    0.000    0.000    0.000    0.000 base_events.py:180(_run_until_complete_cb)
        1    0.000    0.000    0.000    0.000 futures.py:409(wrap_future)
       11    0.000    0.000    0.000    0.000 base_events.py:201(_check_ssl_socket)
        6    0.000    0.000    0.000    0.000 connectionpool.py:349(_get_timeout)
       36    0.000    0.000    0.000    0.000 timeout.py:130(_validate_timeout)
        8    0.000    0.000    0.000    0.000 hooks.py:15(default_hooks)
       11    0.000    0.000    0.000    0.000 compression_utils.py:19(encoding_to_mode)
        1    0.000    0.000    0.002    0.002 __init__.py:163(match)
        3    0.000    0.000    0.001    0.000 structures.py:76(copy)
        1    0.000    0.000    0.005    0.005 connector.py:424(close)
        6    0.000    0.000    0.000    0.000 structures.py:60(__len__)
       11    0.000    0.000    0.000    0.000 _url.py:449(raw_user)
        1    0.000    0.000    0.000    0.000 pstats.py:118(init)
        2    0.000    0.000    0.001    0.001 base_events.py:564(shutdown_default_executor)
        3    0.000    0.000    0.000    0.000 connection.py:93(_set_socket_options)
        4    0.000    0.000    0.000    0.000 {built-in method _socket.getdefaulttimeout}
       11    0.000    0.000    0.000    0.000 client_reqrep.py:1125(wait_for_close)
        6    0.000    0.000    0.000    0.000 response.py:724(_error_catcher)
        1    0.000    0.000    0.000    0.000 parse.py:687(parse_qs)
        3    0.000    0.000    0.000    0.000 socket.py:769(close)
       11    0.000    0.000    0.000    0.000 helpers.py:984(status_code_must_be_empty_body)
       58    0.000    0.000    0.000    0.000 {method 'remove_done_callback' of '_asyncio.Task' objects}
       11    0.000    0.000    0.000    0.000 client_reqrep.py:414(update_version)
       14    0.000    0.000    0.000    0.000 cookies.py:46(get_origin_req_host)
        2    0.000    0.000    0.000    0.000 reprlib.py:126(repr_str)
        1    0.000    0.000    0.000    0.000 threading.py:1080(join)
        4    0.000    0.000    0.000    0.000 sessions.py:799(mount)
       22    0.000    0.000    0.000    0.000 contextlib.py:428(__init__)
       11    0.000    0.000    0.000    0.000 ssl.py:957(cipher)
       11    0.000    0.000    0.000    0.000 transports.py:314(_set_write_buffer_limits)
       11    0.000    0.000    0.000    0.000 connector.py:711(__contains__)
       11    0.000    0.000    0.000    0.000 client_reqrep.py:388(host)
        3    0.000    0.000    0.000    0.000 cookiejar.py:1734(clear_expired_cookies)
        1    0.000    0.000    0.000    0.000 async_summary.py:103(<listcomp>)
       22    0.000    0.000    0.000    0.000 streams.py:593(__len__)
        3    0.000    0.000    0.000    0.000 feedparser.py:182(close)
        6    0.000    0.000    0.000    0.000 message.py:150(__init__)
        2    0.000    0.000    0.003    0.001 runners.py:131(_lazy_init)
        9    0.000    0.000    0.000    0.000 message.py:615(get_content_maintype)
       11    0.000    0.000    0.000    0.000 tasks.py:421(_release_waiter)
        2    0.000    0.000    0.000    0.000 _parser.py:224(__init__)
       11    0.000    0.000    0.000    0.000 base_protocol.py:86(_drain_helper)
       11    0.000    0.000    0.000    0.000 tasks.py:898(_outer_done_callback)
        3    0.000    0.000    0.000    0.000 response.py:624(release_conn)
       14    0.000    0.000    0.000    0.000 cookies.py:94(origin_req_host)
        4    0.000    0.000    0.000    0.000 <frozen _collections_abc>:78(_check_methods)
       33    0.000    0.000    0.000    0.000 base_protocol.py:26(connected)
        3    0.000    0.000    0.000    0.000 message.py:243(get_payload)
        3    0.000    0.000    0.000    0.000 utils.py:660(requote_uri)
        1    0.000    0.000    0.000    0.000 windows_events.py:418(__init__)
       11    0.000    0.000    0.000    0.000 compression_utils.py:119(flush)
       11    0.000    0.000    0.000    0.000 compression_utils.py:30(__init__)
        3    0.000    0.000    0.000    0.000 response.py:210(_get_decoder)
       11    0.000    0.000    0.000    0.000 helpers.py:624(register)
       22    0.000    0.000    0.000    0.000 _url.py:600(raw_fragment)
        3    0.000    0.000    0.000    0.000 parse.py:509(urlunparse)
        1    0.000    0.000    0.000    0.000 helpers.py:311(parse_mimetype)
       18    0.000    0.000    0.000    0.000 _internal_utils.py:25(to_native_string)
       54    0.000    0.000    0.000    0.000 {method 'isascii' of 'str' objects}
        2    0.000    0.000    0.000    0.000 _compiler.py:434(_get_literal_prefix)
        2    0.000    0.000    0.000    0.000 utils.py:900(default_headers)
        1    0.000    0.000    0.000    0.000 pstats.py:108(__init__)
        8    0.000    0.000    0.000    0.000 cookies.py:534(<listcomp>)
        3    0.000    0.000    0.000    0.000 {method '_set_alpn_protocols' of '_ssl._SSLContext' objects}
        9    0.000    0.000    0.000    0.000 sessions.py:84(<listcomp>)
       33    0.000    0.000    0.000    0.000 client_reqrep.py:367(ssl)
        4    0.000    0.000    0.001    0.000 adapters.py:536(close)
        2    0.000    0.000    0.001    0.001 sessions.py:794(close)
       11    0.000    0.000    0.000    0.000 client.py:1333(__init__)
       11    0.000    0.000    0.000    0.000 client_proto.py:224(start_timeout)
        3    0.000    0.000    0.000    0.000 timeout.py:172(from_float)
        3    0.000    0.000    0.000    0.000 models.py:572(prepare_content_length)
        3    0.000    0.000    0.000    0.000 _collections.py:95(__getitem__)
       11    0.000    0.000    0.000    0.000 payload.py:105(get)
        4    0.000    0.000    0.000    0.000 cookiejar.py:1161(return_ok_domain)
        1    0.000    0.000    0.000    0.000 base_events.py:663(close)
       15    0.000    0.000    0.000    0.000 {method 'count' of 'bytes' objects}
        4    0.000    0.000    0.000    0.000 copy.py:259(_reconstruct)
        6    0.000    0.000    0.000    0.000 contextlib.py:132(__enter__)
        3    0.000    0.000    0.000    0.000 feedparser.py:69(close)
       22    0.000    0.000    0.000    0.000 http_writer.py:53(transport)
       48    0.000    0.000    0.000    0.000 typing.py:2256(cast)
        3    0.000    0.000    0.000    0.000 ssl_.py:469(is_ipaddress)
        1    0.000    0.000    0.000    0.000 typing_extensions.py:2954(_has_generic_or_protocol_as_origin)
        4    0.000    0.000    0.000    0.000 signal.py:24(_int_to_enum)
        3    0.000    0.000    0.000    0.000 sessions.py:781(get_adapter)
        3    0.000    0.000    0.000    0.000 adapters.py:396(build_connection_pool_key_attributes)
        3    0.000    0.000    0.003    0.001 feedparser.py:171(feed)
        3    0.000    0.000    0.000    0.000 parse.py:520(urlunsplit)
       33    0.000    0.000    0.000    0.000 {method 'items' of 'multidict._multidict.MultiDict' objects}
        3    0.000    0.000    0.000    0.000 feedparser.py:195(_new_message)
        6    0.000    0.000    0.000    0.000 threading.py:1446(current_thread)
       35    0.000    0.000    0.000    0.000 {method 'values' of 'collections.OrderedDict' objects}
        2    0.000    0.000    0.000    0.000 coroutines.py:50(_format_coroutine)
        3    0.000    0.000    0.000    0.000 models.py:799(iter_content)
        3    0.000    0.000    0.001    0.000 cookiejar.py:1290(_cookies_for_request)
       11    0.000    0.000    0.000    0.000 helpers.py:679(__init__)
        2    0.000    0.000    0.000    0.000 reprlib.py:15(wrapper)
        1    0.000    0.000    2.336    2.336 api.py:14(request)
       44    0.000    0.000    0.000    0.000 {method 'values' of 'dict' objects}
        3    0.000    0.000    0.000    0.000 poolmanager.py:375(_merge_pool_kwargs)
        3    0.000    0.000    0.000    0.000 sessions.py:159(resolve_redirects)
        9    0.000    0.000    0.000    0.000 {function HTTPResponse.close at 0x000001D0765B8220}
        1    0.000    0.000    0.000    0.000 _compiler.py:384(_mk_bitmap)
        9    0.000    0.000    0.000    0.000 timeout.py:126(resolve_default_timeout)
        1    0.000    0.000    0.000    0.000 typing.py:313(_remove_dups_flatten)
       36    0.000    0.000    0.000    0.000 {method 'cancelled' of '_asyncio.Future' objects}
       15    0.000    0.000    0.000    0.000 _parser.py:249(match)
       69    0.000    0.000    0.000    0.000 {method 'cancelled' of '_asyncio.Task' objects}
       32    0.000    0.000    0.000    0.000 {method 'remove' of 'collections.deque' objects}
        5    0.000    0.000    0.000    0.000 parse.py:659(unquote)
       11    0.000    0.000    0.000    0.000 client_reqrep.py:532(update_auth)
       11    0.000    0.000    0.000    0.000 sslproto.py:84(__init__)
        1    0.000    0.000    0.002    0.002 windows_events.py:312(__init__)
        3    0.000    0.000    0.000    0.000 models.py:334(__init__)
        3    0.000    0.000    0.000    0.000 {built-in method builtins.all}
       58    0.000    0.000    0.000    0.000 {method 'exception' of '_asyncio.Task' objects}
        4    0.000    0.000    0.000    0.000 cookiejar.py:1587(_process_rfc2109_cookies)
        1    0.000    0.000    0.000    0.000 _compiler.py:386(<listcomp>)
        1    0.000    0.000    0.000    0.000 idna.py:298(getregentry)
       11    0.000    0.000    0.000    0.000 _url.py:471(raw_password)
        2    0.000    0.000    0.000    0.000 base_futures.py:45(_future_repr_info)
        7    0.000    0.000    0.000    0.000 typing.py:1245(_is_dunder)
        8    0.000    0.000    0.000    0.000 cookiejar.py:459(strip_quotes)
        3    0.000    0.000    0.000    0.000 models.py:997(raise_for_status)
        3    0.000    0.000    0.000    0.000 {method 'close' of '_io.BufferedReader' objects}
        3    0.000    0.000    0.000    0.000 client.py:429(flush)
        6    0.000    0.000    0.000    0.000 feedparser.py:121(pushlines)
       11    0.000    0.000    0.000    0.000 {method 'getall' of 'multidict._multidict.MultiDictProxy' objects}
        3    0.000    0.000    0.000    0.000 response.py:486(_flush_decoder)
        3    0.000    0.000    0.001    0.000 models.py:610(prepare_cookies)
       22    0.000    0.000    0.000    0.000 client_proto.py:207(_drop_timeout)
        1    0.000    0.000    0.000    0.000 weakref.py:369(remove)
        3    0.000    0.000    0.000    0.000 models.py:207(register_hook)
       11    0.000    0.000    0.000    0.000 {method 'strip' of 'bytes' objects}
       44    0.000    0.000    0.000    0.000 {built-in method builtins.chr}
        4    0.000    0.000    0.000    0.000 <frozen importlib._bootstrap>:405(parent)
       11    0.000    0.000    0.000    0.000 ssl.py:968(compression)
        3    0.000    0.000    0.000    0.000 response.py:668(_init_length)
       12    0.000    0.000    0.000    0.000 retry.py:238(<genexpr>)
        3    0.000    0.000    0.186    0.062 ssl_.py:493(_ssl_wrap_socket_impl)
       10    0.000    0.000    0.000    0.000 cookiejar.py:968(set_ok_version)
       11    0.000    0.000    0.000    0.000 _url.py:536(raw_path)
        2    0.000    0.000    0.000    0.000 reprlib.py:55(repr1)
       28    0.000    0.000    0.000    0.000 {method 'release' of '_thread.RLock' objects}
        1    0.000    0.000    0.000    0.000 threading.py:1044(_stop)
      2/1    0.000    0.000    0.000    0.000 typing.py:479(__getitem__)
       50    0.000    0.000    0.000    0.000 {method 'get_loop' of '_asyncio.Future' objects}
        3    0.000    0.000    0.000    0.000 models.py:588(prepare_auth)
       11    0.000    0.000    0.000    0.000 client_reqrep.py:776(_on_headers_request_sent)
       22    0.000    0.000    0.000    0.000 sslproto.py:99(is_closing)
       24    0.000    0.000    0.000    0.000 cookies.py:481(__init__)
        8    0.000    0.000    0.000    0.000 cookiejar.py:136(offset_from_tz_string)
        4    0.000    0.000    0.000    0.000 signal.py:34(_enum_to_int)
        4    0.000    0.000    0.000    0.000 sessions.py:805(<listcomp>)
        1    0.000    0.000    0.236    0.236 connector.py:971(_make_ssl_context)
       15    0.000    0.000    0.000    0.000 {method 'decode' of 'bytearray' objects}
        3    0.000    0.000    0.000    0.000 models.py:630(prepare_hooks)
       22    0.000    0.000    0.000    0.000 helpers.py:684(assert_timeout)
       33    0.000    0.000    0.000    0.000 _quoting_c.pyx:86(_init_writer)
        3    0.000    0.000    0.000    0.000 timeout.py:245(read_timeout)
        8    0.000    0.000    0.000    0.000 <frozen _collections_abc>:156(__subclasshook__)
        1    0.000    0.000    0.000    0.000 typing_extensions.py:3029(_collect_parameters)
        8    0.000    0.000    0.000    0.000 hooks.py:16(<dictcomp>)
        2    0.000    0.000    0.003    0.001 base_events.py:860(getaddrinfo)
        3    0.000    0.000    0.000    0.000 models.py:393(prepare_method)
        3    0.000    0.000    0.000    0.000 _weakrefset.py:37(__init__)
        2    0.000    0.000    0.000    0.000 threading.py:555(__init__)
        3    0.000    0.000    0.000    0.000 typing.py:1371(__hash__)
        2    0.000    0.000    0.000    0.000 base_tasks.py:26(_task_repr)
       11    0.000    0.000    0.000    0.000 client_reqrep.py:869(url)
        3    0.000    0.000    0.000    0.000 utils.py:774(get_proxy)
       22    0.000    0.000    0.000    0.000 payload.py:174(headers)
       11    0.000    0.000    0.000    0.000 client_reqrep.py:344(__reset_writer)
        3    0.000    0.000    0.000    0.000 connectionpool.py:297(_put_conn)
       12    0.000    0.000    0.000    0.000 connector.py:466(closed)
        1    0.000    0.000    0.000    0.000 models.py:947(json)
       11    0.000    0.000    0.000    0.000 cookiejar.py:926(is_blocked)
        6    0.000    0.000    0.000    0.000 base_events.py:586(_check_running)
        3    0.000    0.000    0.000    0.000 ssl_.py:177(resolve_cert_reqs)
        3    0.000    0.000    0.000    0.000 parse.py:937(urlencode)
       11    0.000    0.000    0.000    0.000 connector.py:127(__del__)
       11    0.000    0.000    0.000    0.000 client_reqrep.py:772(_on_chunk_request_sent)
       19    0.000    0.000    0.000    0.000 {method 'toordinal' of 'datetime.date' objects}
       10    0.000    0.000    0.000    0.000 cookiejar.py:995(set_ok_name)
        3    0.000    0.000    0.000    0.000 utils.py:636(unquote_unreserved)
       11    0.000    0.000    0.000    0.000 connector.py:621(_release_waiter)
        3    0.000    0.000    0.000    0.000 {method 'write' of '_io.StringIO' objects}
        3    0.000    0.000    0.000    0.000 connectionpool.py:1153(_normalize_host)
       11    0.000    0.000    0.000    0.000 connector.py:152(transport)
        3    0.000    0.000    0.000    0.000 socket.py:505(detach)
        1    0.000    0.000    0.000    0.000 {built-in method builtins.__import__}
        2    0.000    0.000    0.000    0.000 signal.py:60(getsignal)
       11    0.000    0.000    0.000    0.000 client_reqrep.py:468(update_cookies)
        3    0.000    0.000    0.000    0.000 timeout.py:202(start_connect)
       11    0.000    0.000    0.000    0.000 transports.py:14(__init__)
        1    0.000    0.000    0.000    0.000 cookiejar.py:81(__init__)
        9    0.000    0.000    0.000    0.000 utils.py:211(<genexpr>)
        1    0.000    0.000    0.000    0.000 _base.py:408(add_done_callback)
        1    0.000    0.000    0.000    0.000 {built-in method _winapi.CloseHandle}
       11    0.000    0.000    0.000    0.000 client_reqrep.py:909(__del__)
        6    0.000    0.000    0.000    0.000 {method 'pop' of 'collections.OrderedDict' objects}
        8    0.000    0.000    0.000    0.000 _parser.py:160(__len__)
        3    0.000    0.000    0.000    0.000 response.py:245(__init__)
        3    0.000    0.000    0.000    0.000 retry.py:375(_is_method_retryable)
       11    0.000    0.000    0.000    0.000 client_reqrep.py:455(<genexpr>)
       24    0.000    0.000    0.000    0.000 {method 'cancelling' of '_asyncio.Task' objects}
        6    0.000    0.000    0.000    0.000 _parser.py:172(append)
        6    0.000    0.000    0.000    0.000 _parser.py:286(tell)
        1    0.000    0.000    0.000    0.000 proactor_events.py:772(_close_self_pipe)
        3    0.000    0.000    0.000    0.000 retry.py:383(is_retry)
       11    0.000    0.000    0.000    0.000 {built-in method from_iterable}
       12    0.000    0.000    0.000    0.000 {method 'count' of 'str' objects}
        2    0.000    0.000    0.000    0.000 _parser.py:73(__init__)
        1    0.000    0.000    0.000    0.000 events.py:663(__init__)
        6    0.000    0.000    0.000    0.000 response.py:394(retries)
        3    0.000    0.000    0.000    0.000 response.py:143(flush)
        6    0.000    0.000    0.000    0.000 response.py:1094(supports_chunked_reads)
       22    0.000    0.000    0.000    0.000 streams.py:602(exception)
        6    0.000    0.000    0.000    0.000 {method 'read' of '_io.StringIO' objects}
        6    0.000    0.000    0.000    0.000 base_events.py:1925(_set_coroutine_origin_tracking)
       11    0.000    0.000    0.000    0.000 _url.py:568(raw_query_string)
       22    0.000    0.000    0.000    0.000 _quoting_c.pyx:283(__call__)
       11    0.000    0.000    0.000    0.000 client_reqrep.py:1079(ok)
        1    0.000    0.000    0.000    0.000 locks.py:15(__init__)
       17    0.000    0.000    0.000    0.000 {method '__exit__' of '_thread.RLock' objects}
        8    0.000    0.000    0.000    0.000 cookiejar.py:810(is_expired)
        1    0.000    0.000    0.000    0.000 _weakrefset.py:27(__exit__)
       22    0.000    0.000    0.000    0.000 streams.py:203(is_eof)
        1    0.000    0.000    0.000    0.000 typing.py:1258(__init__)
        3    0.000    0.000    0.000    0.000 client.py:1234(_validate_host)
        1    0.000    0.000    0.000    0.000 futures.py:381(_set_state)
        1    0.000    0.000    0.000    0.000 coroutines.py:11(_is_debug_mode)
        1    0.000    0.000    0.000    0.000 helpers.py:567(weakref_handle)
       11    0.000    0.000    0.000    0.000 payload.py:164(size)
        3    0.000    0.000    0.000    0.000 <string>:1(<lambda>)
        2    0.000    0.000    0.000    0.000 signal.py:54(signal)
        3    0.000    0.000    0.000    0.000 socket.py:489(_decref_socketios)
        1    0.000    0.000    0.005    0.005 runners.py:62(__exit__)
       11    0.000    0.000    0.000    0.000 client_reqrep.py:849(__reset_writer)
       11    0.000    0.000    0.000    0.000 tasks.py:65(_set_task_name)
       25    0.000    0.000    0.000    0.000 {method 'result' of '_asyncio.Task' objects}
        1    0.000    0.000    0.000    0.000 threading.py:1118(_wait_for_tstate_lock)
        2    0.000    0.000    0.000    0.000 events.py:799(set_event_loop)
        4    0.000    0.000    0.000    0.000 _parser.py:109(__init__)
        3    0.000    0.000    0.000    0.000 sessions.py:107(get_redirect_target)
        3    0.000    0.000    0.000    0.000 models.py:769(is_redirect)
       11    0.000    0.000    0.000    0.000 client.py:559(<listcomp>)
        3    0.000    0.000    0.000    0.000 message.py:478(items)
        1    0.000    0.000    0.000    0.000 _transcripts.py:256(__init__)
        4    0.000    0.000    0.000    0.000 cookiejar.py:1123(return_ok_verifiability)
       10    0.000    0.000    0.000    0.000 cookiejar.py:1075(set_ok_port)
       33    0.000    0.000    0.000    0.000 _quoting_c.pyx:93(_release_writer)
        1    0.000    0.000    0.000    0.000 cProfile.py:51(create_stats)
        1    0.000    0.000    0.000    0.000 runners.py:49(__init__)
        1    0.000    0.000    0.000    0.000 weakref.py:427(__setitem__)
        2    0.000    0.000    0.005    0.003 client.py:1320(__aexit__)
        1    0.000    0.000    0.000    0.000 <frozen codecs>:94(__new__)
        8    0.000    0.000    0.000    0.000 {method 'index' of 'list' objects}
        2    0.000    0.000    0.000    0.000 {built-in method fromkeys}
        3    0.000    0.000    0.000    0.000 connection.py:103(allowed_gai_family)
        1    0.000    0.000    0.000    0.000 cookiejar.py:1188(domain_return_ok)
        3    0.000    0.000    0.000    0.000 request.py:134(set_file_position)
        1    0.000    0.000    0.000    0.000 locks.py:21(set)
        6    0.000    0.000    0.000    0.000 parse.py:421(_checknetloc)
        2    0.000    0.000    0.000    0.000 __init__.py:1720(getEffectiveLevel)
        2    0.000    0.000    0.000    0.000 windows_events.py:469(finish_recv)
        2    0.000    0.000    0.000    0.000 events.py:682(set_event_loop)
        2    0.000    0.000    0.001    0.001 sessions.py:454(__exit__)
        6    0.000    0.000    0.000    0.000 {built-in method _asyncio._set_running_loop}
        1    0.000    0.000    0.000    0.000 _compiler.py:214(_compile_charset)
        3    0.000    0.000    0.000    0.000 client.py:383(_check_close)
        9    0.000    0.000    0.000    0.000 timeout.py:227(connect_timeout)
        3    0.000    0.000    0.000    0.000 {method 'sort' of 'list' objects}
        1    0.000    0.000    0.000    0.000 threading.py:422(__init__)
       11    0.000    0.000    0.000    0.000 cookiejar.py:941(is_not_allowed)
       11    0.000    0.000    0.000    0.000 trsock.py:15(__init__)
        7    0.000    0.000    0.000    0.000 _request_methods.py:51(__init__)
       22    0.000    0.000    0.000    0.000 contextlib.py:431(__enter__)
        1    0.000    0.000    0.000    0.000 connector.py:714(add)
        1    0.000    0.000    0.005    0.005 connector.py:820(close)
        2    0.000    0.000    0.000    0.000 _parser.py:956(fix_flags)
       14    0.000    0.000    0.000    0.000 cookies.py:69(is_unverifiable)
        2    0.000    0.000    0.000    0.000 _compiler.py:396(_simple)
        3    0.000    0.000    0.000    0.000 response.py:91(is_response_to_head)
        2    0.000    0.000    0.000    0.000 reprlib.py:52(repr)
       11    0.000    0.000    0.000    0.000 {method 'extend' of 'multidict._multidict.MultiDict' objects}
        1    0.000    0.000    0.001    0.001 _transcripts.py:339(__init__)
        4    0.000    0.000    0.000    0.000 cookiejar.py:348(split_header_words)
        3    0.000    0.000    0.000    0.000 threading.py:273(_release_save)
        4    0.000    0.000    0.000    0.000 adapters.py:140(__init__)
        3    0.000    0.000    0.000    0.000 client.py:1217(_validate_method)
        1    0.000    0.000    0.000    0.000 _base.py:328(__init__)
        1    0.000    0.000    0.002    0.002 events.py:689(new_event_loop)
        3    0.000    0.000    0.000    0.000 hooks.py:22(dispatch_hook)
        1    0.000    0.000    0.000    0.000 runners.py:193(_cancel_all_tasks)
        6    0.000    0.000    0.000    0.000 <frozen ntpath>:35(_get_bothseps)
        2    0.000    0.000    0.000    0.000 threading.py:1317(_make_invoke_excepthook)
        6    0.000    0.000    0.000    0.000 message.py:211(is_multipart)
        3    0.000    0.000    0.000    0.000 windows_events.py:789(_unregister)
        1    0.000    0.000    0.000    0.000 pstats.py:137(load_stats)
        1    0.000    0.000    0.003    0.003 runners.py:58(__enter__)
       11    0.000    0.000    0.000    0.000 proactor_events.py:94(set_protocol)
        3    0.000    0.000    0.000    0.000 threading.py:276(_acquire_restore)
        1    0.000    0.000    0.000    0.000 {method 'clear' of 'collections.deque' objects}
        8    0.000    0.000    0.000    0.000 {method '__exit__' of 'memoryview' objects}
        1    0.000    0.000    0.000    0.000 threading.py:822(_maintain_shutdown_locks)
       12    0.000    0.000    0.000    0.000 cookies.py:117(info)
        6    0.000    0.000    0.000    0.000 response.py:342(<genexpr>)
       11    0.000    0.000    0.000    0.000 client.py:1283(trust_env)
       11    0.000    0.000    0.000    0.000 {method 'compression' of '_ssl._SSLSocket' objects}
        1    0.000    0.000    0.000    0.000 copyreg.py:113(_slotnames)
        3    0.000    0.000    0.000    0.000 typing.py:159(_type_convert)
        4    0.000    0.000    0.000    0.000 cookiejar.py:1141(return_ok_expires)
       11    0.000    0.000    0.000    0.000 client_reqrep.py:943(connection)
        6    0.000    0.000    0.000    0.000 {method 'truncate' of '_io.StringIO' objects}
        4    0.000    0.000    0.000    0.000 _compiler.py:568(isstring)
        4    0.000    0.000    0.000    0.000 copyreg.py:104(__newobj__)
        1    0.000    0.000    0.000    0.000 _base.py:428(result)
        3    0.000    0.000    0.000    0.000 client.py:412(_close_conn)
        1    0.000    0.000    0.000    0.000 thread.py:216(shutdown)
        3    0.000    0.000    0.000    0.000 sessions.py:91(merge_hooks)
        1    0.000    0.000    0.000    0.000 <attrs generated init aiohttp.helpers.MimeType>:1(__init__)
       11    0.000    0.000    0.000    0.000 {built-in method _thread.get_ident}
        3    0.000    0.000    0.000    0.000 {method 'flush' of '_io.BufferedReader' objects}
        1    0.000    0.000    0.000    0.000 _weakrefset.py:53(_commit_removals)
       11    0.000    0.000    0.000    0.000 streams.py:152(exception)
        3    0.000    0.000    0.000    0.000 _internal_utils.py:38(unicode_is_ascii)
        3    0.000    0.000    0.000    0.000 connection.py:268(proxy_is_forwarding)
       11    0.000    0.000    0.000    0.000 client_reqrep.py:887(headers)
       12    0.000    0.000    0.000    0.000 {method 'seek' of '_io.StringIO' objects}
        3    0.000    0.000    0.000    0.000 client.py:1226(_validate_path)
        6    0.000    0.000    0.000    0.000 client.py:440(isclosed)
        1    0.000    0.000    0.000    0.000 _base.py:393(done)
        6    0.000    0.000    0.000    0.000 cookies.py:110(__init__)
        7    0.000    0.000    0.000    0.000 {built-in method sys.audit}
        3    0.000    0.000    0.000    0.000 events.py:758(get_event_loop_policy)
       11    0.000    0.000    0.000    0.000 client_reqrep.py:347(_writer)
       11    0.000    0.000    0.000    0.000 {built-in method builtins.callable}
        3    0.000    0.000    0.000    0.000 message.py:330(set_payload)
        3    0.000    0.000    0.000    0.000 feedparser.py:208(_pop_message)
        5    0.000    0.000    0.000    0.000 {method 'find' of 'bytearray' objects}
        2    0.000    0.000    0.000    0.000 {built-in method _sre.compile}
        6    0.000    0.000    0.000    0.000 {method 'isalpha' of 'str' objects}
        3    0.000    0.000    0.000    0.000 typing.py:694(<genexpr>)
        6    0.000    0.000    0.000    0.000 {method 'extend' of 'collections.deque' objects}
        2    0.000    0.000    0.000    0.000 __init__.py:228(_acquireLock)
        9    0.000    0.000    0.000    0.000 base_events.py:696(is_running)
        5    0.000    0.000    0.000    0.000 {method '__enter__' of '_thread.RLock' objects}
       12    0.000    0.000    0.000    0.000 {method 'items' of 'collections.OrderedDict' objects}
        3    0.000    0.000    0.000    0.000 client.py:1213(_encode_request)
       11    0.000    0.000    0.000    0.000 client_proto.py:47(upgraded)
        1    0.000    0.000    0.000    0.000 tasks.py:697(__init__)
        1    0.000    0.000    0.001    0.001 _transcripts.py:342(_get_html_regex)
        1    0.000    0.000    0.000    0.000 _transcripts.py:169(find_transcript)
        3    0.000    0.000    0.000    0.000 _compiler.py:426(_get_iscased)
        1    0.000    0.000    0.000    0.000 proactor_events.py:884(_stop_accept_futures)
        1    0.000    0.000    0.000    0.000 utils.py:135(super_len)
       11    0.000    0.000    0.000    0.000 connector.py:141(__bool__)
        3    0.000    0.000    0.000    0.000 {built-in method sys.get_asyncgen_hooks}
        1    0.000    0.000    0.000    0.000 _base.py:383(cancelled)
        6    0.000    0.000    0.000    0.000 connection.py:254(is_closed)
        1    0.000    0.000    0.000    0.000 <frozen _collections_abc>:516(__subclasshook__)
        4    0.000    0.000    0.000    0.000 {method 'cast' of 'memoryview' objects}
        1    0.000    0.000    0.000    0.000 typing.py:299(_deduplicate)
        1    0.000    0.000    0.000    0.000 _compiler.py:405(_generate_overlap_table)
        1    0.000    0.000    0.000    0.000 cookiejar.py:1214(path_return_ok)
        6    0.000    0.000    0.000    0.000 utils.py:743(set_environ)
        4    0.000    0.000    0.000    0.000 _parser.py:79(groups)
        4    0.000    0.000    0.000    0.000 cookiejar.py:1135(return_ok_secure)
        1    0.000    0.000    0.000    0.000 <frozen importlib._bootstrap>:1207(_handle_fromlist)
        1    0.000    0.000    0.002    0.002 events.py:804(new_event_loop)
        3    0.000    0.000    0.000    0.000 <frozen _collections_abc>:815(__len__)
        3    0.000    0.000    0.000    0.000 parser.py:17(__init__)
        4    0.000    0.000    0.000    0.000 cookiejar.py:1114(return_ok_version)
       11    0.000    0.000    0.000    0.000 cookiejar.py:169(<lambda>)
        1    0.000    0.000    0.000    0.000 <frozen codecs>:186(__init__)
        4    0.000    0.000    0.000    0.000 {method 'clear' of 'collections.OrderedDict' objects}
        1    0.000    0.000    0.000    0.000 enum.py:193(__get__)
        3    0.000    0.000    0.000    0.000 connection.py:182(host)
        6    0.000    0.000    0.000    0.000 {method 'update' of 'collections.OrderedDict' objects}
        6    0.000    0.000    0.000    0.000 {built-in method nt.fspath}
        3    0.000    0.000    0.000    0.000 queue.py:245(_init)
        6    0.000    0.000    0.000    0.000 {built-in method time.perf_counter}
        3    0.000    0.000    0.000    0.000 {method 'append' of 'bytearray' objects}
       10    0.000    0.000    0.000    0.000 {method 'gettimeout' of '_socket.socket' objects}
        2    0.000    0.000    0.000    0.000 _weakrefset.py:72(__len__)
        2    0.000    0.000    0.000    0.000 __init__.py:237(_releaseLock)
        1    0.000    0.000    0.000    0.000 threading.py:804(_newname)
        1    0.000    0.000    0.001    0.001 ssl.py:492(__new__)
        2    0.000    0.000    0.000    0.000 {built-in method _signal.signal}
        1    0.000    0.000    0.000    0.000 _compiler.py:465(_get_charset_prefix)
        3    0.000    0.000    0.000    0.000 threading.py:1199(daemon)
        1    0.000    0.000    0.000    0.000 _base.py:463(exception)
        1    0.000    0.000    0.000    0.000 base_events.py:1943(set_debug)
        4    0.000    0.000    0.000    0.000 {built-in method _sre.unicode_iscased}
       10    0.000    0.000    0.000    0.000 {method 'isspace' of 'str' objects}
        4    0.000    0.000    0.000    0.000 cookiejar.py:1307(<lambda>)
        4    0.000    0.000    0.000    0.000 {method 'isalnum' of 'str' objects}
        3    0.000    0.000    0.000    0.000 typing.py:1358(<genexpr>)
        2    0.000    0.000    0.000    0.000 coroutines.py:53(get_name)
        1    0.000    0.000    0.000    0.000 thread.py:47(__init__)
        2    0.000    0.000    0.000    0.000 utils.py:891(default_user_agent)
        1    0.000    0.000    0.000    0.000 base_events.py:539(shutdown_asyncgens)
        3    0.000    0.000    0.000    0.000 ssl.py:1150(_check_connected)
        1    0.000    0.000    0.000    0.000 threading.py:832(<listcomp>)
        1    0.000    0.000    0.000    0.000 connector.py:90(__await__)
        1    0.000    0.000    0.000    0.000 {method 'translate' of 'bytearray' objects}
        4    0.000    0.000    0.000    0.000 cookiejar.py:1147(return_ok_port)
        1    0.000    0.000    0.000    0.000 _transcripts.py:213(_find_transcript)
        3    0.000    0.000    0.000    0.000 client.py:884(_get_hostport)
        1    0.000    0.000    0.000    0.000 <frozen _collections_abc>:262(__subclasshook__)
        1    0.000    0.000    0.000    0.000 client.py:412(__del__)
        1    0.000    0.000    0.001    0.001 __init__.py:225(compile)
        1    0.000    0.000    0.000    0.000 _transcripts.py:101(__init__)
        7    0.000    0.000    0.000    0.000 {method 'keys' of 'dict' objects}
        4    0.000    0.000    0.000    0.000 {built-in method builtins.repr}
        3    0.000    0.000    0.000    0.000 base_events.py:655(stop)
        1    0.000    0.000    0.000    0.000 futures.py:387(_call_check_cancel)
        3    0.000    0.000    0.000    0.000 utils.py:581(iter_slices)
        1    0.000    0.000    0.000    0.000 typing.py:458(__repr__)
        3    0.000    0.000    0.000    0.000 {method 'clear' of 'dict' objects}
        2    0.000    0.000    0.000    0.000 _parser.py:168(__setitem__)
        6    0.000    0.000    0.000    0.000 feedparser.py:124(__iter__)
        1    0.000    0.000    0.000    0.000 cookies.py:72(has_header)
        2    0.000    0.000    0.000    0.000 {method 'put' of '_queue.SimpleQueue' objects}
        3    0.000    0.000    0.000    0.000 threading.py:1590(main_thread)
        3    0.000    0.000    0.000    0.000 proxy.py:11(connection_requires_http_tunnel)
        1    0.000    0.000    0.000    0.000 {built-in method _asyncio._get_event_loop}
        1    0.000    0.000    0.000    0.000 _weakrefset.py:17(__init__)
        3    0.000    0.000    0.000    0.000 response.py:79(<listcomp>)
        2    0.000    0.000    0.000    0.000 __init__.py:1319(disable)
        3    0.000    0.000    0.000    0.000 connectionpool.py:340(_validate_conn)
        1    0.000    0.000    0.000    0.000 encoder.py:105(__init__)
        1    0.000    0.000    0.000    0.000 {method 'difference_update' of 'set' objects}
        1    0.000    0.000    0.000    0.000 _weakrefset.py:21(__enter__)
        1    0.000    0.000    0.000    0.000 connector.py:706(__init__)
        2    0.000    0.000    0.000    0.000 {built-in method _signal.getsignal}
        4    0.000    0.000    0.000    0.000 {method 'release' of '_thread.lock' objects}
        4    0.000    0.000    0.000    0.000 {method 'insert' of 'list' objects}
        1    0.000    0.000    0.000    0.000 windows_events.py:914(__del__)
        3    0.000    0.000    0.000    0.000 adapters.py:578(add_headers)
        1    0.000    0.000    0.000    0.000 abc.py:171(__init__)
        1    0.000    0.000    0.000    0.000 resolver.py:31(__init__)
        1    0.000    0.000    0.000    0.000 util.py:7(to_bytes)
        1    0.000    0.000    0.000    0.000 connector.py:401(_cleanup_closed)
        3    0.000    0.000    0.000    0.000 cookies.py:87(get_new_headers)
        1    0.000    0.000    0.000    0.000 {built-in method sys._getframe}
        1    0.000    0.000    0.000    0.000 connector.py:279(__del__)
        1    0.000    0.000    0.000    0.000 connector.py:86(__init__)
        3    0.000    0.000    0.000    0.000 threading.py:568(is_set)
        3    0.000    0.000    0.000    0.000 models.py:216(<genexpr>)
        3    0.000    0.000    0.000    0.000 {function HTTPResponse.flush at 0x000001D0765B82C0}
        1    0.000    0.000    0.000    0.000 {method 'clear' of 'set' objects}
        1    0.000    0.000    0.000    0.000 {method 'disable' of '_lsprof.Profiler' objects}
        1    0.000    0.000    0.000    0.000 {method 'close' of 'xml.etree.ElementTree.XMLParser' objects}
        3    0.000    0.000    0.000    0.000 {function socket.detach at 0x000001D07654F420}
        1    0.000    0.000    0.000    0.000 enum.py:1249(value)
        1    0.000    0.000    0.000    0.000 _transcripts.py:41(__init__)
        1    0.000    0.000    0.000    0.000 {method 'get' of 'mappingproxy' objects}
        4    0.000    0.000    0.000    0.000 enum.py:1180(_missing_)
        2    0.000    0.000    0.000    0.000 {built-in method builtins.abs}
        1    0.000    0.000    0.000    0.000 cookies.py:84(add_unredirected_header)
        2    0.000    0.000    0.000    0.000 {built-in method builtins.id}
        2    0.000    0.000    0.000    0.000 sessions.py:451(__enter__)
        1    0.000    0.000    0.000    0.000 windows_events.py:439(set_loop)
        2    0.000    0.000    0.000    0.000 helpers.py:112(__await__)
        1    0.000    0.000    0.000    0.000 {built-in method atexit.register}
        3    0.000    0.000    0.000    0.000 {method 'locked' of '_thread.lock' objects}
        1    0.000    0.000    0.000    0.000 _base.py:398(__get_result)
        2    0.000    0.000    0.000    0.000 base_events.py:686(is_closed)
        1    0.000    0.000    0.000    0.000 connector.py:94(__del__)
        1    0.000    0.000    0.000    0.000 base_events.py:521(_check_default_executor)
        1    0.000    0.000    0.000    0.000 utils.py:10(addr_to_addr_infos)
        1    0.000    0.000    0.000    0.000 client.py:1317(__aenter__)
        2    0.000    0.000    0.000    0.000 {method 'get_name' of '_asyncio.Task' objects}


