Profile: <cProfile.Profile object at 0x000001BA0CDE2270>
         242367 function calls (233358 primitive calls) in 25.235 seconds

   Ordered by: internal time

   ncalls  tottime  percall  cumtime  percall filename:lineno(function)
      213   23.350    0.110   23.350    0.110 {method 'read' of '_ssl._SSLSocket' objects}
        1    0.928    0.928    0.928    0.928 {built-in method time.sleep}
        2    0.190    0.095    0.190    0.095 {method 'connect' of '_socket.socket' objects}
        2    0.114    0.057    0.114    0.057 {method 'do_handshake' of '_ssl._SSLSocket' objects}
71596/70512    0.038    0.000    0.052    0.000 {built-in method builtins.isinstance}
    13344    0.038    0.000    0.054    0.000 typing.py:2412(get_origin)
  1836/12    0.024    0.000    0.318    0.027 _transform.py:145(_transform_recursive)
 4188/912    0.018    0.000    0.083    0.000 typing.py:366(_eval_type)
     1836    0.018    0.000    0.029    0.000 typing.py:443(is_typeddict)
      411    0.015    0.000    0.015    0.000 {method 'decompress' of 'zlib.Decompress' objects}
      144    0.013    0.000    0.099    0.001 typing.py:2288(get_type_hints)
      912    0.013    0.000    0.027    0.000 typing.py:168(_type_check)
      175    0.011    0.000    0.011    0.000 {method 'split' of 'str' objects}
      363    0.011    0.000    0.014    0.000 {method 'sub' of 're.Pattern' objects}
      912    0.011    0.000    0.080    0.000 typing.py:869(_evaluate)
     1188    0.010    0.000    0.052    0.000 __init__.py:383(__getattr__)
       28    0.009    0.000    0.009    0.000 {method 'write' of '_ssl._SSLSocket' objects}
     1188    0.007    0.000    0.036    0.000 __init__.py:108(import_module)
        2    0.007    0.004    0.007    0.004 models.py:909(text)
2112/1836    0.006    0.000    0.031    0.000 _typing.py:40(strip_annotated_type)
     4044    0.006    0.000    0.023    0.000 _typing.py:29(is_required_type)
     1188    0.006    0.000    0.010    0.000 <frozen importlib._bootstrap>:1035(_resolve_name)
     1536    0.006    0.000    0.009    0.000 typing.py:2441(get_args)
3564/1932    0.006    0.000    0.017    0.000 typing.py:388(<genexpr>)
     1188    0.006    0.000    0.027    0.000 <frozen importlib._bootstrap>:1192(_gcd_import)
     1932    0.006    0.000    0.028    0.000 _transform.py:111(_get_annotated_type)
     3936    0.006    0.000    0.020    0.000 _typing.py:11(is_annotated_type)
   144/24    0.006    0.000    0.316    0.013 _transform.py:231(_transform_typeddict)
      520    0.005    0.000    0.006    0.000 _models.py:219(<listcomp>)
     1188    0.005    0.000    0.007    0.000 <frozen importlib._bootstrap>:1165(_find_and_load)
     6000    0.005    0.000    0.006    0.000 {built-in method builtins.getattr}
     2976    0.005    0.000    0.006    0.000 typing.py:1664(__eq__)
     1838    0.004    0.000    0.006    0.000 <frozen importlib._bootstrap>:405(parent)
     2799    0.004    0.000    0.006    0.000 _models.py:92(encoding)
     1236    0.004    0.000    0.006    0.000 <frozen importlib._bootstrap>:1207(_handle_fromlist)
       90    0.004    0.000    0.500    0.006 {method 'join' of 'bytes' objects}
     5674    0.004    0.000    0.004    0.000 {method 'get' of 'dict' objects}
      520    0.004    0.000    0.013    0.000 _models.py:210(__getitem__)
     1221    0.004    0.000    0.009    0.000 typing.py:352(inner)
       38    0.004    0.000    0.008    0.000 _headers.py:150(normalize_and_validate)
     1692    0.004    0.000    0.010    0.000 _typing.py:19(is_iterable_type)
     1668    0.004    0.000    0.012    0.000 _typing.py:25(is_union_type)
     3252    0.004    0.000    0.005    0.000 typing.py:1365(__eq__)
      395    0.003    0.000    0.017    0.000 response.py:122(decompress)
     1188    0.003    0.000    0.004    0.000 <frozen importlib._bootstrap>:1101(_sanity_check)
       12    0.003    0.000    0.004    0.000 url.py:227(_encode_invalid_chars)
     1836    0.003    0.000    0.005    0.000 utils.py:180(lenient_issubclass)
      912    0.003    0.000    0.016    0.000 {built-in method builtins.eval}
     1528    0.003    0.000    0.004    0.000 _models.py:27(enforce_bytes)
     5098    0.003    0.000    0.003    0.000 {method 'decode' of 'bytes' objects}
     1692    0.003    0.000    0.011    0.000 _typing.py:15(is_list_type)
      158    0.003    0.000    0.003    0.000 __init__.py:91(_replace_charref)
        1    0.003    0.003    0.009    0.009 _transcripts.py:352(<listcomp>)
      816    0.003    0.000    0.003    0.000 {method 'fullmatch' of 're.Pattern' objects}
        2    0.003    0.001    0.003    0.001 {built-in method _socket.getaddrinfo}
       67    0.002    0.000    0.472    0.007 response.py:1143(read_chunked)
   156/12    0.002    0.000    0.022    0.002 _models.py:382(construct_type)
     1232    0.002    0.000    0.003    0.000 _utils.py:31(normalize_header_key)
     3083    0.002    0.000    0.002    0.000 {built-in method builtins.hasattr}
  559/253    0.002    0.000    0.002    0.000 cookiejar.py:1227(deepvalues)
     1842    0.002    0.000    0.005    0.000 {built-in method builtins.issubclass}
      764    0.002    0.000    0.005    0.000 _util.py:84(validate)
        1    0.002    0.002    0.831    0.831 _transcripts.py:81(_fetch_video_html)
      395    0.002    0.000    0.342    0.001 response.py:1103(_update_chunk_length)
       39    0.002    0.000    0.006    0.000 _models.py:79(<listcomp>)
      542    0.002    0.000    0.006    0.000 typing.py:1579(__subclasscheck__)
       26    0.002    0.000    0.005    0.000 _models.py:163(<listcomp>)
      192    0.002    0.000    0.004    0.000 typing.py:1705(__hash__)
      530    0.002    0.000    0.003    0.000 message.py:420(__setitem__)
     1452    0.002    0.000    0.002    0.000 typing.py:206(_should_unflatten_callable_args)
    36/12    0.002    0.000    0.019    0.002 _models.py:173(construct)
      779    0.002    0.000    0.106    0.000 client.py:624(_safe_read)
       67    0.002    0.000    0.002    0.000 {method 'settimeout' of '_socket.socket' objects}
      393    0.002    0.000    0.108    0.000 response.py:1121(_handle_chunk)
      542    0.002    0.000    0.008    0.000 typing.py:1304(__instancecheck__)
      261    0.002    0.000    0.002    0.000 __init__.py:272(_compile)
       26    0.002    0.000    0.005    0.000 _models.py:81(<listcomp>)
      194    0.002    0.000    0.004    0.000 __init__.py:178(sub)
     1824    0.002    0.000    0.002    0.000 typing.py:249(is_union)
      123    0.002    0.000    0.003    0.000 parse.py:374(urlparse)
     1888    0.002    0.000    0.002    0.000 {method 'rpartition' of 'str' objects}
       92    0.002    0.000    0.002    0.000 _headers.py:205(get_comma_header)
     1190    0.002    0.000    0.002    0.000 {method 'format' of 'str' objects}
       84    0.002    0.000    0.008    0.000 _connection.py:260(_process_event)
     1200    0.002    0.000    0.002    0.000 _model_construction.py:248(__instancecheck__)
      518    0.002    0.000    0.004    0.000 <frozen os>:674(__getitem__)
     1485    0.002    0.000    0.002    0.000 {method 'startswith' of 'str' objects}
2979/2915    0.002    0.000    0.002    0.000 {built-in method builtins.len}
      551    0.002    0.000    0.007    0.000 <frozen _collections_abc>:859(__iter__)
       39    0.002    0.000    0.004    0.000 _models.py:129(<dictcomp>)
      228    0.002    0.000    0.002    0.000 contextlib.py:104(__init__)
       26    0.002    0.000    0.007    0.000 _urlparse.py:151(urlparse)
       45    0.001    0.000   22.772    0.506 http11.py:216(_receive_event)
      779    0.001    0.000    0.104    0.000 {method 'read' of '_io.BufferedReader' objects}
      770    0.001    0.000    0.001    0.000 {built-in method _abc._abc_subclasscheck}
      505    0.001    0.000    0.001    0.000 {method 'match' of 're.Pattern' objects}
        1    0.001    0.001    0.001    0.001 {built-in method io.open}
      912    0.001    0.000    0.002    0.000 typing.py:159(_type_convert)
      182    0.001    0.000    0.607    0.003 ssl.py:1300(recv_into)
      182    0.001    0.000    0.610    0.003 socket.py:692(readinto)
        4    0.001    0.000    0.008    0.002 request.py:2499(getproxies_environment)
       48    0.001    0.000    0.001    0.000 threading.py:90(RLock)
      228    0.001    0.000    0.002    0.000 contextlib.py:141(__exit__)
       26    0.001    0.000    0.018    0.001 _models.py:1181(__init__)
     2498    0.001    0.000    0.001    0.000 {method 'lower' of 'str' objects}
1515/1511    0.001    0.000    0.001    0.000 {method 'encode' of 'str' objects}
      393    0.001    0.000    0.019    0.000 response.py:456(_decode)
     1344    0.001    0.000    0.001    0.000 typing.py:1695(<genexpr>)
       26    0.001    0.000    0.009    0.000 _models.py:1202(info)
       26    0.001    0.000    0.001    0.000 {built-in method select.select}
       38    0.001    0.000    0.002    0.000 _receivebuffer.py:104(maybe_extract_lines)
      744    0.001    0.000    0.012    0.000 _transform.py:126(_maybe_transform_key)
       13    0.001    0.000   22.792    1.753 http11.py:72(handle_request)
      770    0.001    0.000    0.003    0.000 <frozen abc>:121(__subclasscheck__)
      213    0.001    0.000   23.351    0.110 ssl.py:1158(read)
        1    0.001    0.001    0.845    0.845 _transcripts.py:44(fetch)
      290    0.001    0.000    0.004    0.000 _readers.py:64(_decode_header_lines)
      504    0.001    0.000    0.001    0.000 <frozen os>:697(__iter__)
      518    0.001    0.000    0.002    0.000 <frozen os>:748(encodekey)
        1    0.001    0.001    0.828    0.828 _transcripts.py:90(_fetch_html)
       30    0.001    0.000    0.004    0.000 cookiejar.py:1096(return_ok)
     1188    0.001    0.000    0.001    0.000 {method 'rsplit' of 'str' objects}
  484/471    0.001    0.000    0.002    0.000 {built-in method builtins.next}
       76    0.001    0.000    0.020    0.000 _connection.py:426(next_event)
    96/48    0.001    0.000    0.003    0.000 copy.py:128(deepcopy)
       34    0.001    0.000    0.001    0.000 message.py:524(get_all)
        2    0.001    0.001    0.001    0.001 {function socket.close at 0x000001BA09E13740}
        1    0.001    0.001    0.001    0.001 {method 'feed' of 'xml.etree.ElementTree.XMLParser' objects}
  240/216    0.001    0.000    0.002    0.000 typing.py:1669(__hash__)
      546    0.001    0.000    0.001    0.000 _urlparse.py:206(<genexpr>)
       12    0.001    0.000    0.004    0.000 main.py:200(model_construct)
      104    0.001    0.000    0.001    0.000 _models.py:126(<listcomp>)
      169    0.001    0.000    0.002    0.000 _models.py:272(__contains__)
       26    0.001    0.000    0.006    0.000 request.py:319(__init__)
       65    0.001    0.000    0.001    0.000 _trace.py:10(__init__)
       13    0.001    0.000    0.001    0.000 decoder.py:343(raw_decode)
    13/12    0.001    0.000   23.865    1.989 _base_client.py:929(_request)
    60/48    0.001    0.000    0.003    0.000 _readers.py:157(__call__)
       13    0.001    0.000   22.831    1.756 _client.py:1001(_send_single_request)
      288    0.001    0.000    0.004    0.000 typing.py:111(get_origin)
       13    0.001    0.000    0.024    0.002 _models.py:309(__init__)
      228    0.001    0.000    0.003    0.000 contextlib.py:287(helper)
      108    0.001    0.000    0.001    0.000 inspect.py:1794(_shadowed_dict)
       13    0.001    0.000   22.808    1.754 default.py:214(handle_request)
     1818    0.001    0.000    0.001    0.000 {method 'append' of 'list' objects}
       26    0.001    0.000    0.010    0.000 _readers.py:94(maybe_read_from_SEND_RESPONSE_server)
      144    0.001    0.000    0.100    0.001 typing_extensions.py:1197(get_type_hints)
       84    0.001    0.000    0.002    0.000 typing.py:144(_generic_get_args)
      816    0.001    0.000    0.001    0.000 {method 'groupdict' of 're.Match' objects}
      195    0.001    0.000    0.001    0.000 video.py:86(<genexpr>)
        2    0.001    0.000    0.002    0.001 ssl.py:1368(_real_close)
      144    0.001    0.000    0.001    0.000 typing.py:485(__getitem__)
       13    0.001    0.000    0.049    0.004 _base_client.py:441(_build_request)
      616    0.001    0.000    0.001    0.000 _utils.py:47(normalize_header_value)
        4    0.001    0.000    0.001    0.000 {built-in method nt.stat}
      429    0.001    0.000    0.508    0.001 {method 'readline' of '_io.BufferedReader' objects}
       84    0.001    0.000    0.001    0.000 _state.py:318(_fire_state_triggered_transitions)
       31    0.001    0.000   22.748    0.734 sync.py:122(read)
     1535    0.001    0.000    0.001    0.000 {method 'lower' of 'bytes' objects}
      576    0.001    0.000    0.001    0.000 {method 'get' of 'mappingproxy' objects}
       13    0.001    0.000   22.800    1.754 connection_pool.py:159(handle_request)
       97    0.001    0.000    0.003    0.000 _connection.py:330(_respond_to_state_changes)
      290    0.001    0.000    0.001    0.000 _readers.py:43(_obsolete_line_fold)
      377    0.001    0.000    0.001    0.000 request.py:401(add_header)
      518    0.001    0.000    0.001    0.000 <frozen os>:742(check_str)
       76    0.001    0.000    0.015    0.000 _connection.py:398(_extract_next_receive_event)
      129    0.001    0.000    0.001    0.000 {method 'search' of 're.Pattern' objects}
      736    0.001    0.000    0.002    0.000 {method 'join' of 'str' objects}
      144    0.001    0.000    0.001    0.000 _model_construction.py:229(__getattr__)
      131    0.001    0.000    0.001    0.000 parse.py:119(_coerce_args)
       26    0.001    0.000    0.004    0.000 connection_pool.py:230(_assign_requests_to_connections)
        1    0.001    0.001    0.012    0.012 _transcripts.py:51(_extract_captions_json)
      156    0.001    0.000    0.004    0.000 typing.py:164(get_args)
       14    0.001    0.000    0.001    0.000 {built-in method zlib.decompressobj}
       13    0.001    0.000    0.004    0.000 _client.py:392(_merge_cookies)
       39    0.001    0.000    0.004    0.000 _models.py:1016(__init__)
       39    0.001    0.000    0.011    0.000 sync.py:128(write)
       26    0.001    0.000    0.023    0.001 _models.py:816(iter_bytes)
       65    0.001    0.000    0.002    0.000 _urlparse.py:449(quote)
       13    0.001    0.000    0.035    0.003 _client.py:319(build_request)
      847    0.001    0.000    0.001    0.000 {method 'items' of 'dict' objects}
       64    0.001    0.000    0.001    0.000 cookiejar.py:1667(set_cookie)
       13    0.001    0.000    0.007    0.001 _events.py:82(__init__)
       64    0.001    0.000    0.003    0.000 cookiejar.py:620(request_host)
       84    0.001    0.000    0.002    0.000 _state.py:275(process_event)
        2    0.001    0.000    0.001    0.001 cookiejar.py:466(parse_ns_headers)
       91    0.001    0.000    0.002    0.000 _connection.py:308(_get_io_object)
       12    0.001    0.000    0.026    0.002 _response.py:123(_parse)
       13    0.001    0.000    0.002    0.000 _models.py:72(<listcomp>)
      228    0.001    0.000    0.001    0.000 contextlib.py:132(__enter__)
       52    0.001    0.000    0.008    0.000 _urls.py:75(__init__)
       12    0.001    0.000   24.190    2.016 completions.py:558(create)
       52    0.001    0.000    0.001    0.000 copy.py:259(_reconstruct)
       13    0.001    0.000    0.001    0.000 _writers.py:22(write_headers)
       13    0.001    0.000    0.001    0.000 encoder.py:205(iterencode)
       12    0.001    0.000    0.028    0.002 _base_client.py:1061(_process_response)
       78    0.001    0.000    0.008    0.000 _models.py:62(__init__)
      180    0.001    0.000    0.001    0.000 inspect.py:1766(_static_getmro)
   156/84    0.001    0.000    0.017    0.000 _models.py:350(_construct_field)
      132    0.000    0.000    0.004    0.000 fields.py:532(get_default)
      214    0.000    0.000    0.000    0.000 {built-in method _abc._abc_instancecheck}
       32    0.000    0.000    0.019    0.001 _models.py:867(iter_raw)
       24    0.000    0.000    0.001    0.000 {method 'validate_python' of 'pydantic_core._pydantic_core.SchemaValidator' objects}
        2    0.000    0.000    0.002    0.001 connectionpool.py:178(__init__)
      312    0.000    0.000    0.005    0.000 _utils.py:151(is_mapping)
  554/482    0.000    0.000    0.001    0.000 {built-in method builtins.hash}
       80    0.000    0.000    0.002    0.000 {built-in method builtins.any}
       15    0.000    0.000    0.009    0.001 cookiejar.py:1356(add_cookie_header)
       13    0.000    0.000    0.005    0.000 _models.py:200(update)
       17    0.000    0.000    0.017    0.001 cookiejar.py:1680(extract_cookies)
      221    0.000    0.000    0.001    0.000 <frozen _collections_abc>:989(__iter__)
      169    0.000    0.000    0.000    0.000 _models.py:274(<listcomp>)
       46    0.000    0.000    0.002    0.000 cookiejar.py:1261(__init__)
      132    0.000    0.000    0.003    0.000 _utils.py:302(smart_deepcopy)
      390    0.000    0.000    0.000    0.000 {method 'capitalize' of 'str' objects}
       48    0.000    0.000    0.001    0.000 _compat.py:92(field_get_default)
      247    0.000    0.000    0.001    0.000 _urlparse.py:161(<genexpr>)
       39    0.000    0.000    0.005    0.000 _connection.py:518(send_with_data_passthrough)
       14    0.000    0.000    0.006    0.000 cookiejar.py:1272(_cookies_for_domain)
       91    0.000    0.000    0.004    0.000 _models.py:168(get)
      460    0.000    0.000    0.000    0.000 {method 'split' of 'bytes' objects}
       36    0.000    0.000    0.003    0.000 typing_extensions.py:626(__instancecheck__)
       13    0.000    0.000    0.004    0.000 connection_pool.py:369(close)
       17    0.000    0.000    0.008    0.000 cookiejar.py:1599(make_cookies)
       13    0.000    0.000    0.004    0.000 _models.py:373(_prepare)
       19    0.000    0.000    0.000    0.000 threading.py:236(__init__)
       13    0.000    0.000    0.003    0.000 _events.py:137(__init__)
       26    0.000    0.000    0.002    0.000 _utils.py:7(is_socket_readable)
       36    0.000    0.000    0.003    0.000 inspect.py:1808(getattr_static)
        2    0.000    0.000    0.173    0.086 client.py:311(begin)
        1    0.000    0.000    1.044    1.044 _api.py:114(get_transcript)
       13    0.000    0.000    0.001    0.000 _models.py:186(<listcomp>)
        4    0.000    0.000    0.000    0.000 {built-in method winreg.OpenKey}
      455    0.000    0.000    0.000    0.000 _util.py:127(bytesify)
       92    0.000    0.000    0.000    0.000 _receivebuffer.py:67(_extract)
      214    0.000    0.000    0.001    0.000 <frozen abc>:117(__instancecheck__)
       13    0.000    0.000    0.006    0.000 http11.py:159(_send_request_body)
      265    0.000    0.000    0.000    0.000 {built-in method __new__ of type object at 0x00007FFD3FCA8F90}
       26    0.000    0.000    0.001    0.000 _models.py:254(__delitem__)
       32    0.000    0.000    0.012    0.000 http11.py:205(_receive_response_body)
      262    0.000    0.000    0.000    0.000 _connection.py:212(their_state)
        2    0.000    0.000    0.001    0.000 feedparser.py:469(_parse_headers)
      960    0.000    0.000    0.000    0.000 {built-in method builtins.ord}
       97    0.000    0.000    0.000    0.000 _state.py:301(_fire_event_triggered_transitions)
       39    0.000    0.000    0.000    0.000 _urlparse.py:422(is_safe)
        6    0.000    0.000    0.000    0.000 {built-in method winreg.QueryValueEx}
       15    0.000    0.000    0.000    0.000 {built-in method _thread.allocate_lock}
       12    0.000    0.000   24.191    2.016 _utils.py:243(wrapper)
      195    0.000    0.000    0.013    0.000 __init__.py:122(unescape)
       48    0.000    0.000    0.001    0.000 _receivebuffer.py:87(maybe_extract_next_line)
      192    0.000    0.000    0.000    0.000 typing.py:1694(_value_and_type_iter)
      182    0.000    0.000    0.001    0.000 {method '_checkReadable' of '_io._IOBase' objects}
       13    0.000    0.000    0.019    0.001 http11.py:147(_send_request_headers)
      530    0.000    0.000    0.000    0.000 _policybase.py:305(header_store_parse)
       26    0.000    0.000    0.001    0.000 request.py:374(_parse)
      432    0.000    0.000    0.000    0.000 {built-in method builtins.vars}
      702    0.000    0.000    0.000    0.000 typing.py:2256(cast)
       13    0.000    0.000    0.001    0.000 decoder.py:332(decode)
       32    0.000    0.000    0.013    0.000 http11.py:337(__iter__)
       32    0.000    0.000    0.000    0.000 parse.py:917(quote_from_bytes)
       26    0.000    0.000    0.001    0.000 _models.py:230(__setitem__)
       13    0.000    0.000   22.761    1.751 http11.py:179(_receive_response_headers)
        4    0.000    0.000    0.002    0.001 feedparser.py:216(_parsegen)
      138    0.000    0.000    0.000    0.000 __init__.py:1734(isEnabledFor)
       26    0.000    0.000    0.001    0.000 _events.py:337(__init__)
       26    0.000    0.000    0.002    0.000 request.py:343(full_url)
       13    0.000    0.000    0.004    0.000 _client.py:129(close)
       36    0.000    0.000    0.001    0.000 inspect.py:1778(_check_class)
       56    0.000    0.000    0.001    0.000 <frozen _collections_abc>:771(get)
       26    0.000    0.000    0.001    0.000 _connection.py:72(_keep_alive)
        4    0.000    0.000    0.000    0.000 cookiejar.py:1389(_normalized_cookie_tuples)
      304    0.000    0.000    0.000    0.000 {method 'endswith' of 'bytearray' objects}
       13    0.000    0.000    0.002    0.000 _models.py:631(_get_content_decoder)
        4    0.000    0.000    0.000    0.000 socket.py:220(__init__)
       15    0.000    0.000    0.001    0.000 <frozen _collections_abc>:941(update)
      122    0.000    0.000    0.001    0.000 typing.py:1371(__hash__)
       35    0.000    0.000    0.000    0.000 _policybase.py:293(header_source_parse)
       41    0.000    0.000    0.000    0.000 feedparser.py:77(readline)
       16    0.000    0.000    0.000    0.000 message.py:489(get)
       36    0.000    0.000    0.000    0.000 inspect.py:1769(_check_instance)
       26    0.000    0.000    0.001    0.000 request.py:301(request_host)
       12    0.000    0.000   23.871    1.989 _base_client.py:1226(post)
       13    0.000    0.000    0.001    0.000 http11.py:245(_response_closed)
      132    0.000    0.000    0.002    0.000 typing.py:412(is_literal_type)
      184    0.000    0.000    0.000    0.000 socket.py:731(readable)
       31    0.000    0.000   22.745    0.734 ssl.py:1289(recv)
      551    0.000    0.000    0.000    0.000 {method 'upper' of 'str' objects}
       13    0.000    0.000   22.856    1.758 _client.py:881(send)
       46    0.000    0.000    0.000    0.000 cookiejar.py:884(__init__)
      221    0.000    0.000    0.000    0.000 _headers.py:117(__getitem__)
       13    0.000    0.000    0.003    0.000 _base_client.py:411(_build_headers)
       22    0.000    0.000    0.001    0.000 queue.py:122(put)
       13    0.000    0.000    0.009    0.001 _base_client.py:425(_prepare_url)
      104    0.000    0.000    0.001    0.000 _models.py:121(raw)
       39    0.000    0.000    0.000    0.000 _models.py:287(origin)
       26    0.000    0.000    0.000    0.000 _models.py:239(<listcomp>)
       28    0.000    0.000    0.010    0.000 ssl.py:1236(send)
       24    0.000    0.000    0.001    0.000 queue.py:154(get)
       15    0.000    0.000    0.001    0.000 cookiejar.py:1297(_cookie_attrs)
       25    0.000    0.000    0.024    0.001 _models.py:808(read)
       39    0.000    0.000    0.017    0.000 http11.py:170(_send_event)
       26    0.000    0.000    0.001    0.000 _models.py:1160(__bool__)
       13    0.000    0.000    0.021    0.002 _models.py:1033(extract_cookies)
      182    0.000    0.000    0.000    0.000 {method '_checkClosed' of '_io._IOBase' objects}
       48    0.000    0.000    0.000    0.000 copy.py:243(_keep_alive)
        8    0.000    0.000    0.003    0.000 cookiejar.py:949(set_ok)
       12    0.000    0.000    0.026    0.002 _response.py:273(parse)
      728    0.000    0.000    0.000    0.000 {method 'isprintable' of 'str' objects}
       27    0.000    0.000    0.000    0.000 _urlparse.py:138(__str__)
       11    0.000    0.000   14.366    1.306 summary.py:35(chunk_summary)
       26    0.000    0.000    0.000    0.000 _models.py:260(<listcomp>)
       32    0.000    0.000    0.001    0.000 parse.py:841(quote)
       52    0.000    0.000    0.000    0.000 {method '__reduce_ex__' of 'object' objects}
      763    0.000    0.000    0.000    0.000 {method 'isascii' of 'str' objects}
       78    0.000    0.000    0.000    0.000 structures.py:51(__getitem__)
       12    0.000    0.000    0.000    0.000 _utils.py:311(<dictcomp>)
       65    0.000    0.000    0.001    0.000 __init__.py:218(finditer)
        8    0.000    0.000    0.001    0.000 cookiejar.py:1486(_cookie_from_cookie_tuple)
       12    0.000    0.000    0.006    0.000 _models.py:721(construct)
       26    0.000    0.000    0.001    0.000 _connection.py:81(_body_framing)
       40    0.000    0.000    0.000    0.000 _urlparse.py:105(authority)
       30    0.000    0.000    0.001    0.000 cookiejar.py:1161(return_ok_domain)
      456    0.000    0.000    0.000    0.000 ssl.py:1146(_checkClosed)
       39    0.000    0.000    0.008    0.000 _models.py:61(enforce_headers)
       22    0.000    0.000    0.001    0.000 cookiejar.py:647(request_path)
      530    0.000    0.000    0.000    0.000 _policybase.py:201(header_max_count)
       89    0.000    0.000    0.000    0.000 cookiejar.py:1753(__iter__)
       18    0.000    0.000    0.000    0.000 parse.py:164(hostname)
       26    0.000    0.000    0.000    0.000 parse.py:1058(_splittype)
       13    0.000    0.000    0.000    0.000 _config.py:208(__init__)
       26    0.000    0.000    0.000    0.000 _base_client.py:2019(<dictcomp>)
       65    0.000    0.000    0.000    0.000 {method 'finditer' of 're.Pattern' objects}
       26    0.000    0.000    0.002    0.000 http11.py:281(has_expired)
       26    0.000    0.000    0.006    0.000 _models.py:373(__init__)
       32    0.000    0.000    0.000    0.000 _events.py:299(__init__)
      149    0.000    0.000    0.000    0.000 _connection.py:205(our_state)
       14    0.000    0.000    0.001    0.000 cookiejar.py:1188(domain_return_ok)
       26    0.000    0.000    0.000    0.000 _decoders.py:199(flush)
       13    0.000    0.000   22.832    1.756 _client.py:930(_send_handling_auth)
       13    0.000    0.000   22.792    1.753 connection.py:67(handle_request)
       52    0.000    0.000    0.002    0.000 cookiejar.py:636(eff_request_host)
       56    0.000    0.000    0.000    0.000 parse.py:659(unquote)
       39    0.000    0.000    0.004    0.000 _models.py:128(keys)
       31    0.000    0.000    0.000    0.000 _connection.py:352(receive_data)
       68    0.000    0.000    0.000    0.000 structures.py:46(__setitem__)
        1    0.000    0.000    0.000    0.000 _transcripts.py:133(<listcomp>)
       26    0.000    0.000    0.000    0.000 parse.py:1037(unwrap)
       13    0.000    0.000    0.001    0.000 _models.py:178(get_list)
       13    0.000    0.000    0.001    0.000 _content.py:174(encode_json)
       40    0.000    0.000    0.000    0.000 _collections.py:259(__getitem__)
       41    0.000    0.000    0.001    0.000 feedparser.py:127(__next__)
       24    0.000    0.000    0.001    0.000 _models.py:639(_validate_non_model_type)
       32    0.000    0.000    0.014    0.000 default.py:111(__iter__)
       39    0.000    0.000    0.005    0.000 _urlparse.py:124(copy_with)
       13    0.000    0.000    0.000    0.000 _base_client.py:585(default_headers)
       13    0.000    0.000    0.003    0.000 _models.py:448(__init__)
       13    0.000    0.000    0.000    0.000 _headers.py:122(<listcomp>)
       30    0.000    0.000    0.001    0.000 cookiejar.py:677(escape_path)
       13    0.000    0.000    0.002    0.000 __init__.py:299(loads)
       35    0.000    0.000    0.000    0.000 _collections.py:302(add)
       26    0.000    0.000    0.001    0.000 <frozen _collections_abc>:907(pop)
       13    0.000    0.000   22.831    1.756 _client.py:964(_send_handling_redirects)
      135    0.000    0.000    0.000    0.000 {method 'acquire' of '_thread.lock' objects}
       14    0.000    0.000    0.005    0.000 _models.py:893(close)
      292    0.000    0.000    0.000    0.000 _exceptions.py:7(map_exceptions)
        2    0.000    0.000    0.978    0.489 sessions.py:673(send)
      131    0.000    0.000    0.000    0.000 {method 'find' of 'str' objects}
       13    0.000    0.000    0.000    0.000 client.py:1242(putheader)
        2    0.000    0.000    0.000    0.000 parse.py:452(urlsplit)
       31    0.000    0.000    0.000    0.000 _receivebuffer.py:53(__iadd__)
       15    0.000    0.000    0.001    0.000 cookiejar.py:1734(clear_expired_cookies)
       26    0.000    0.000    0.002    0.000 sync.py:171(get_extra_info)
       12    0.000    0.000    0.023    0.002 _base_client.py:549(_process_response_data)
       36    0.000    0.000    0.000    0.000 inspect.py:1787(_is_type)
      112    0.000    0.000    0.000    0.000 {method 'acquire' of '_thread.RLock' objects}
        2    0.000    0.000    0.175    0.087 connection.py:440(getresponse)
       26    0.000    0.000    0.000    0.000 connection_pool.py:301(_close_connections)
       53    0.000    0.000    0.000    0.000 _policybase.py:281(_sanitize_header)
        2    0.000    0.000    0.994    0.497 sessions.py:500(request)
        2    0.000    0.000    0.115    0.058 ssl.py:1018(_create)
       14    0.000    0.000    0.000    0.000 _models.py:703(has_redirect_location)
        4    0.000    0.000    0.003    0.001 url.py:369(parse_url)
        2    0.000    0.000    0.000    0.000 client.py:206(_read_headers)
       67    0.000    0.000    0.473    0.007 models.py:816(generate)
       13    0.000    0.000    0.001    0.000 _client.py:160(default_headers)
       57    0.000    0.000    0.000    0.000 threading.py:359(notify)
       14    0.000    0.000    0.000    0.000 {method 'flush' of 'zlib.Decompress' objects}
       13    0.000    0.000    0.001    0.000 http11.py:351(close)
       12    0.000    0.000    0.001    0.000 typing_extensions.py:600(__subclasscheck__)
       32    0.000    0.000    0.014    0.000 _client.py:125(__iter__)
       12    0.000    0.000    0.000    0.000 __init__.py:244(detect_encoding)
        2    0.000    0.000    0.001    0.000 _collections.py:337(extend)
       13    0.000    0.000    0.000    0.000 {method 'split' of 'bytearray' objects}
       13    0.000    0.000    0.000    0.000 _client.py:412(_merge_queryparams)
        2    0.000    0.000    0.002    0.001 connection.py:324(request)
       39    0.000    0.000    0.005    0.000 _connection.py:491(send)
       13    0.000    0.000    0.002    0.000 _models.py:326(__init__)
       26    0.000    0.000    0.000    0.000 parse.py:1079(_splithost)
        2    0.000    0.000    0.490    0.245 connectionpool.py:598(urlopen)
        2    0.000    0.000    0.003    0.002 socket.py:945(getaddrinfo)
        2    0.000    0.000    0.000    0.000 {method '_wrap_socket' of '_ssl._SSLContext' objects}
      224    0.000    0.000    0.000    0.000 {method 'strip' of 'str' objects}
       26    0.000    0.000    0.000    0.000 _auth.py:59(sync_auth_flow)
       72    0.000    0.000    0.000    0.000 enum.py:686(__call__)
      240    0.000    0.000    0.000    0.000 {method 'add' of 'set' objects}
       12    0.000    0.000    0.002    0.000 _models.py:763(json)
        8    0.000    0.000    0.001    0.000 cookiejar.py:1015(set_ok_domain)
       96    0.000    0.000    0.002    0.000 _utils.py:167(is_iterable)
       37    0.000    0.000    0.000    0.000 _receivebuffer.py:77(maybe_extract_at_most)
       34    0.000    0.000    0.001    0.000 cookies.py:49(get_full_url)
       26    0.000    0.000    0.000    0.000 _base_client.py:2010(_merge_mappings)
        1    0.000    0.000    0.000    0.000 chunker.py:4(create_chunks)
       26    0.000    0.000    0.001    0.000 <frozen _collections_abc>:959(setdefault)
       67    0.000    0.000    0.472    0.007 response.py:1021(stream)
       13    0.000    0.000    0.000    0.000 _urlparse.py:386(normalize_path)
       13    0.000    0.000    0.001    0.000 _models.py:1137(update)
        6    0.000    0.000    0.000    0.000 cookiejar.py:150(_str2time)
       46    0.000    0.000    0.000    0.000 __init__.py:1467(debug)
       65    0.000    0.000    0.000    0.000 connection.py:190(is_idle)
       72    0.000    0.000    0.000    0.000 _utils.py:163(is_list)
       84    0.000    0.000    0.000    0.000 inspect.py:292(isclass)
       68    0.000    0.000    0.000    0.000 socket.py:99(_intenum_converter)
       59    0.000    0.000    0.000    0.000 threading.py:264(__enter__)
       45    0.000    0.000    0.000    0.000 _connection.py:248(_server_switch_event)
      157    0.000    0.000    0.000    0.000 {method 'partition' of 'str' objects}
        2    0.000    0.000    0.000    0.000 poolmanager.py:96(_default_key_normalizer)
       52    0.000    0.000    0.000    0.000 copyreg.py:104(__newobj__)
       12    0.000    0.000    0.000    0.000 cookiejar.py:550(domain_match)
       13    0.000    0.000    0.001    0.000 _writers.py:36(write_request)
       96    0.000    0.000    0.000    0.000 copy.py:264(<genexpr>)
       13    0.000    0.000    0.005    0.000 _client.py:403(_merge_headers)
       30    0.000    0.000    0.000    0.000 message.py:150(__init__)
        1    0.000    0.000   14.367   14.367 summary.py:65(<listcomp>)
        4    0.000    0.000    0.000    0.000 client.py:417(close)
       12    0.000    0.000    0.000    0.000 cookies.py:349(set_cookie)
       13    0.000    0.000    0.001    0.000 encoder.py:183(encode)
       59    0.000    0.000    0.000    0.000 threading.py:267(__exit__)
      158    0.000    0.000    0.000    0.000 {method 'group' of 're.Match' objects}
      103    0.000    0.000    0.000    0.000 {method 'update' of 'dict' objects}
       36    0.000    0.000    0.000    0.000 cookiejar.py:535(is_HDN)
       24    0.000    0.000    0.001    0.000 _models.py:611(validate_type)
       48    0.000    0.000    0.001    0.000 _utils.py:303(strip_not_given)
        6    0.000    0.000    0.001    0.000 cookiejar.py:232(http2time)
       57    0.000    0.000    0.000    0.000 threading.py:279(_is_owned)
       13    0.000    0.000    0.001    0.000 threading.py:555(__init__)
        1    0.000    0.000    0.000    0.000 _parseaddr.py:45(parsedate_tz)
       12    0.000    0.000    0.000    0.000 {built-in method sys._getframe}
        8    0.000    0.000    0.000    0.000 cookiejar.py:761(__init__)
       65    0.000    0.000    0.000    0.000 http11.py:295(is_idle)
       61    0.000    0.000    0.000    0.000 {built-in method builtins.max}
       60    0.000    0.000    0.000    0.000 cookiejar.py:810(is_expired)
        2    0.000    0.000    0.309    0.155 connection.py:614(connect)
       13    0.000    0.000    0.014    0.001 _models.py:1042(set_cookie_header)
        2    0.000    0.000    0.193    0.097 connection.py:27(create_connection)
      241    0.000    0.000    0.000    0.000 {method 'values' of 'dict' objects}
       89    0.000    0.000    0.000    0.000 {method 'rstrip' of 'str' objects}
       20    0.000    0.000    0.000    0.000 parse.py:205(_hostinfo)
       15    0.000    0.000    0.006    0.000 cookiejar.py:1290(_cookies_for_request)
        2    0.000    0.000    0.116    0.058 connection.py:732(_ssl_wrap_socket_and_match_hostname)
       24    0.000    0.000    0.115    0.005 _transform.py:177(<listcomp>)
       48    0.000    0.000    0.000    0.000 {method 'find' of 'bytearray' objects}
        2    0.000    0.000    0.000    0.000 socket.py:303(makefile)
       27    0.000    0.000    0.001    0.000 _urls.py:388(__str__)
      136    0.000    0.000    0.000    0.000 cookiejar.py:44(_debug)
       14    0.000    0.000    0.001    0.000 cookiejar.py:1214(path_return_ok)
        2    0.000    0.000    0.486    0.243 connectionpool.py:380(_make_request)
       12    0.000    0.000    0.001    0.000 _models.py:727(<dictcomp>)
       13    0.000    0.000    0.001    0.000 _models.py:1189(add_unredirected_header)
       14    0.000    0.000    0.001    0.000 sessions.py:61(merge_setting)
       26    0.000    0.000    0.001    0.000 _urlparse.py:286(encode_host)
       72    0.000    0.000    0.000    0.000 enum.py:1091(__new__)
      240    0.000    0.000    0.000    0.000 {built-in method builtins.id}
       53    0.000    0.000    0.000    0.000 _policybase.py:311(header_fetch_parse)
       26    0.000    0.000    0.005    0.000 _models.py:157(multi_items)
       26    0.000    0.000    0.000    0.000 _decoders.py:172(__init__)
       12    0.000    0.000    0.002    0.000 cookiejar.py:726(is_third_party)
       12    0.000    0.000    0.000    0.000 copy.py:66(copy)
        2    0.000    0.000    0.007    0.004 sessions.py:457(prepare_request)
       12    0.000    0.000    0.319    0.027 _transform.py:88(transform)
       39    0.000    0.000    0.000    0.000 _synchronization.py:266(__enter__)
       13    0.000    0.000    0.000    0.000 _client.py:436(_build_request_auth)
       39    0.000    0.000    0.000    0.000 _models.py:173(__eq__)
       55    0.000    0.000    0.000    0.000 utils.py:51(_has_surrogates)
        2    0.000    0.000    0.498    0.249 adapters.py:613(send)
       24    0.000    0.000    0.001    0.000 type_adapter.py:236(validate_python)
       13    0.000    0.000    0.000    0.000 _models.py:400(read)
       32    0.000    0.000    0.013    0.000 connection_pool.py:361(__iter__)
        1    0.000    0.000    0.001    0.001 ElementTree.py:1325(XML)
       13    0.000    0.000    0.000    0.000 threading.py:583(set)
       12    0.000    0.000    0.000    0.000 typing_extensions.py:530(_caller)
       39    0.000    0.000    0.000    0.000 _urls.py:280(raw_path)
       12    0.000    0.000    0.001    0.000 _decoders.py:73(__init__)
        2    0.000    0.000    0.168    0.084 client.py:278(_read_status)
       72    0.000    0.000    0.000    0.000 typing.py:1699(__eq__)
       12    0.000    0.000    0.000    0.000 cookiejar.py:691(reach)
       39    0.000    0.000    0.000    0.000 _synchronization.py:242(__enter__)
       14    0.000    0.000    0.000    0.000 utils.py:345(to_key_val_list)
       26    0.000    0.000    0.000    0.000 _writers.py:63(__call__)
       13    0.000    0.000    0.000    0.000 _models.py:255(__init__)
       37    0.000    0.000    0.000    0.000 _utils.py:121(is_given)
       84    0.000    0.000    0.000    0.000 fields.py:552(is_required)
       26    0.000    0.000    0.000    0.000 connection.py:195(is_closed)
        8    0.000    0.000    0.000    0.000 message.py:591(get_content_type)
        2    0.000    0.000    0.003    0.001 connectionpool.py:1178(_close_pool_connections)
        2    0.000    0.000    0.000    0.000 message.py:486(<listcomp>)
       39    0.000    0.000    0.000    0.000 _synchronization.py:270(__exit__)
       39    0.000    0.000    0.000    0.000 _urlparse.py:436(percent_encoded)
       52    0.000    0.000    0.000    0.000 request.py:387(get_full_url)
       26    0.000    0.000    0.000    0.000 _urls.py:321(is_absolute_url)
       14    0.000    0.000    0.000    0.000 _headers.py:171(<setcomp>)
       66    0.000    0.000    0.000    0.000 {method 'groups' of 're.Match' objects}
       13    0.000    0.000    0.001    0.000 connection_pool.py:16(__init__)
       26    0.000    0.000    0.000    0.000 parse.py:1189(_splittag)
       13    0.000    0.000    0.000    0.000 _urls.py:610(__bool__)
       24    0.000    0.000    0.000    0.000 _typing.py:47(extract_type_arg)
        2    0.000    0.000    0.000    0.000 models.py:483(prepare_headers)
       13    0.000    0.000    0.000    0.000 _connection.py:341(trailing_data)
       36    0.000    0.000    0.000    0.000 _compat.py:115(get_model_fields)
       49    0.000    0.000    0.000    0.000 {method 'startswith' of 'bytes' objects}
       26    0.000    0.000    0.000    0.000 http11.py:298(is_closed)
       12    0.000    0.000    0.000    0.000 _response.py:58(__init__)
       78    0.000    0.000    0.000    0.000 {method 'endswith' of 'str' objects}
       13    0.000    0.000    0.000    0.000 connection.py:310(putheader)
        2    0.000    0.000    0.000    0.000 client.py:1086(putrequest)
       13    0.000    0.000    0.000    0.000 _connection.py:223(start_next_cycle)
        8    0.000    0.000    0.000    0.000 url.py:303(_normalize_host)
        2    0.000    0.000    0.000    0.000 response.py:564(__init__)
       51    0.000    0.000    0.000    0.000 _decoders.py:176(decode)
       13    0.000    0.000    0.000    0.000 _models.py:726(raise_for_status)
        1    0.000    0.000    0.000    0.000 _transcripts.py:278(<dictcomp>)
       11    0.000    0.000    0.001    0.000 structures.py:40(__init__)
       65    0.000    0.000    0.000    0.000 _trace.py:53(__exit__)
    26/13    0.000    0.000    0.000    0.000 {method 'send' of 'generator' objects}
       13    0.000    0.000    0.001    0.000 _synchronization.py:280(__init__)
       52    0.000    0.000    0.000    0.000 _headers.py:102(__init__)
       62    0.000    0.000    0.000    0.000 _receivebuffer.py:60(__len__)
        6    0.000    0.000    0.000    0.000 idna.py:145(encode)
        4    0.000    0.000    0.000    0.000 {method 'readlines' of '_io._IOBase' objects}
       47    0.000    0.000    0.000    0.000 {built-in method time.time}
        2    0.000    0.000    0.001    0.001 utils.py:204(get_netrc_auth)
       27    0.000    0.000    0.000    0.000 _models.py:551(reason_phrase)
       12    0.000    0.000   23.865    1.989 _base_client.py:912(request)
       15    0.000    0.000    0.000    0.000 {method 'sort' of 'list' objects}
        2    0.000    0.000    0.002    0.001 connection.py:275(close)
        5    0.000    0.000    0.000    0.000 cookies.py:521(cookiejar_from_dict)
       35    0.000    0.000    0.000    0.000 message.py:506(set_raw)
      112    0.000    0.000    0.000    0.000 {method 'release' of '_thread.RLock' objects}
        6    0.000    0.000    0.000    0.000 calendar.py:653(timegm)
       60    0.000    0.000    0.000    0.000 structures.py:58(<genexpr>)
       13    0.000    0.000    0.000    0.000 _receivebuffer.py:64(__bytes__)
       31    0.000    0.000    0.000    0.000 util.py:19(to_str)
       78    0.000    0.000    0.000    0.000 request.py:337(full_url)
       26    0.000    0.000    0.002    0.000 connection.py:185(has_expired)
        1    0.000    0.000    3.332    3.332 _base_client.py:1030(_retry_request)
       13    0.000    0.000    0.000    0.000 _urls.py:148(username)
       46    0.000    0.000    0.000    0.000 queue.py:248(_qsize)
        4    0.000    0.000    0.000    0.000 <frozen ntpath>:319(expanduser)
        2    0.000    0.000    0.010    0.005 sessions.py:750(merge_environment_settings)
        2    0.000    0.000    0.005    0.002 adapters.py:359(build_response)
       31    0.000    0.000    0.000    0.000 _receivebuffer.py:57(__bool__)
        2    0.000    0.000    0.000    0.000 response.py:316(__init__)
       13    0.000    0.000    0.000    0.000 _state.py:358(start_next_cycle)
      104    0.000    0.000    0.000    0.000 _exceptions.py:334(request_context)
        4    0.000    0.000    0.007    0.002 cookies.py:124(extract_cookies_to_jar)
       26    0.000    0.000    0.000    0.000 _urls.py:333(is_relative_url)
       26    0.000    0.000    0.000    0.000 <string>:2(__eq__)
       39    0.000    0.000    0.000    0.000 _synchronization.py:246(__exit__)
       13    0.000    0.000    0.000    0.000 _base_client.py:607(user_agent)
        2    0.000    0.000    0.003    0.002 client.py:224(parse_headers)
       18    0.000    0.000    0.000    0.000 url.py:332(_idna_encode)
       13    0.000    0.000    0.000    0.000 _writers.py:88(send_data)
       26    0.000    0.000    0.000    0.000 connection_pool.py:254(<listcomp>)
       13    0.000    0.000    0.000    0.000 _receivebuffer.py:147(is_next_line_obviously_invalid_request_line)
       13    0.000    0.000    0.000    0.000 _models.py:663(is_success)
       13    0.000    0.000    0.004    0.000 default.py:116(close)
       30    0.000    0.000    0.000    0.000 cookiejar.py:1135(return_ok_secure)
       13    0.000    0.000    0.005    0.000 _urls.py:341(copy_with)
        2    0.000    0.000    0.193    0.097 connection.py:192(_new_conn)
      131    0.000    0.000    0.000    0.000 parse.py:108(_noop)
       30    0.000    0.000    0.000    0.000 cookiejar.py:1141(return_ok_expires)
        2    0.000    0.000    0.000    0.000 {method 'setsockopt' of '_socket.socket' objects}
        2    0.000    0.000    0.003    0.001 parser.py:41(parse)
       59    0.000    0.000    0.000    0.000 {method '__enter__' of '_thread.lock' objects}
       12    0.000    0.000    0.000    0.000 _base_client.py:1842(make_request_options)
        2    0.000    0.000    0.000    0.000 feedparser.py:137(__init__)
        8    0.000    0.000    0.000    0.000 timeout.py:109(__init__)
       32    0.000    0.000    0.000    0.000 {method 'rstrip' of 'bytes' objects}
       24    0.000    0.000    0.000    0.000 <string>:1(<module>)
       26    0.000    0.000    0.000    0.000 connection.py:165(can_handle_request)
       36    0.000    0.000    0.000    0.000 _compat.py:109(get_model_config)
       13    0.000    0.000    0.000    0.000 connection_pool.py:265(<listcomp>)
       13    0.000    0.000    0.000    0.000 _client.py:370(_merge_url)
       13    0.000    0.000    0.000    0.000 {method 'close' of 'generator' objects}
       39    0.000    0.000    0.000    0.000 _models.py:93(enforce_stream)
        2    0.000    0.000    0.000    0.000 connectionpool.py:1050(_new_conn)
        2    0.000    0.000    0.003    0.002 parser.py:59(parsestr)
        2    0.000    0.000    0.004    0.002 utils.py:765(should_bypass_proxies)
        2    0.000    0.000    0.003    0.002 utils.py:114(proxy_bypass)
       20    0.000    0.000    0.000    0.000 utils.py:1045(_validate_header_part)
       13    0.000    0.000    0.001    0.000 __init__.py:183(dumps)
        4    0.000    0.000    0.001    0.000 cookiejar.py:1578(_cookies_from_attrs_set)
       13    0.000    0.000    0.000    0.000 _utils.py:309(sync_elapsed)
       85    0.000    0.000    0.000    0.000 {method 'pop' of 'dict' objects}
        2    0.000    0.000    0.000    0.000 models.py:658(__init__)
       26    0.000    0.000    0.000    0.000 _urlparse.py:359(validate_path)
        4    0.000    0.000    0.000    0.000 utils.py:838(select_proxy)
        2    0.000    0.000    0.000    0.000 feedparser.py:100(push)
       65    0.000    0.000    0.000    0.000 _trace.py:47(__enter__)
       14    0.000    0.000    0.000    0.000 __init__.py:1479(info)
       13    0.000    0.000    0.000    0.000 _headers.py:121(raw_items)
       18    0.000    0.000    0.001    0.000 _decoders.py:76(decode)
        6    0.000    0.000    0.000    0.000 cookiejar.py:81(_timegm)
       13    0.000    0.000    0.000    0.000 _base_client.py:529(_maybe_override_cast_to)
        2    0.000    0.000    0.000    0.000 utils.py:76(proxy_bypass_registry)
       14    0.000    0.000    0.000    0.000 {built-in method builtins.all}
       12    0.000    0.000    0.011    0.001 _models.py:462(<listcomp>)
        2    0.000    0.000    0.001    0.000 ssl.py:1263(sendall)
       30    0.000    0.000    0.000    0.000 cookiejar.py:1114(return_ok_version)
        6    0.000    0.000    0.476    0.079 models.py:890(content)
        2    0.000    0.000    0.002    0.001 models.py:409(prepare_url)
        2    0.000    0.000    0.000    0.000 queue.py:34(__init__)
        1    0.000    0.000    0.000    0.000 parse.py:729(parse_qsl)
       16    0.000    0.000    0.000    0.000 <frozen _collections_abc>:790(items)
       13    0.000    0.000    0.000    0.000 connection.py:359(<genexpr>)
       13    0.000    0.000    0.000    0.000 _base_client.py:404(_remaining_retries)
        2    0.000    0.000    0.001    0.001 poolmanager.py:268(clear)
       12    0.000    0.000    0.000    0.000 typing_extensions.py:542(_allow_reckless_class_checks)
        2    0.000    0.000    0.000    0.000 request.py:2667(getproxies_registry)
       13    0.000    0.000    0.000    0.000 _client.py:762(_transport_for_url)
        1    0.000    0.000    0.000    0.000 _base_client.py:656(_calculate_retry_timeout)
       12    0.000    0.000    0.000    0.000 cookies.py:43(get_host)
       13    0.000    0.000    0.000    0.000 _writers.py:94(send_eom)
        2    0.000    0.000    0.000    0.000 response.py:40(assert_header_parsing)
       10    0.000    0.000    0.000    0.000 structures.py:57(__iter__)
       13    0.000    0.000    0.000    0.000 _multipart.py:25(get_multipart_boundary_from_content_type)
        2    0.000    0.000    0.115    0.057 ssl.py:1372(do_handshake)
       34    0.000    0.000    0.000    0.000 _collections.py:291(__iter__)
        8    0.000    0.000    0.000    0.000 message.py:29(_splitparam)
       39    0.000    0.000    0.000    0.000 _models.py:168(__init__)
       13    0.000    0.000    0.001    0.000 _base_client.py:546(_should_stream_response_body)
       82    0.000    0.000    0.000    0.000 {method 'keys' of 'dict' objects}
       30    0.000    0.000    0.001    0.000 cookiejar.py:1123(return_ok_verifiability)
       13    0.000    0.000    0.001    0.000 _content.py:182(encode_request)
        6    0.000    0.000    0.000    0.000 cookies.py:35(__init__)
        2    0.000    0.000    0.002    0.001 client.py:957(close)
        8    0.000    0.000    0.001    0.000 cookiejar.py:983(set_ok_verifiability)
        2    0.000    0.000    0.000    0.000 ssl.py:566(set_alpn_protocols)
       78    0.000    0.000    0.000    0.000 {method 'release' of '_thread.lock' objects}
       39    0.000    0.000    0.000    0.000 _client.py:297(cookies)
       13    0.000    0.000    0.000    0.000 _models.py:542(http_version)
        2    0.000    0.000    0.000    0.000 client.py:838(__init__)
        2    0.000    0.000    0.002    0.001 poolmanager.py:230(_new_pool)
       11    0.000    0.000    0.000    0.000 <frozen _collections_abc>:778(__contains__)
        2    0.000    0.000    0.000    0.000 _collections.py:143(clear)
        4    0.000    0.000    0.000    0.000 url.py:263(_remove_path_dot_segments)
        2    0.000    0.000    0.173    0.086 client.py:1334(getresponse)
        2    0.000    0.000    0.002    0.001 poolmanager.py:331(connection_from_pool_key)
       26    0.000    0.000    0.000    0.000 connection_pool.py:262(<listcomp>)
        2    0.000    0.000    0.000    0.000 {built-in method today}
       13    0.000    0.000    0.000    0.000 _urls.py:231(netloc)
       30    0.000    0.000    0.000    0.000 cookiejar.py:1307(<lambda>)
       22    0.000    0.000    0.000    0.000 queue.py:251(_put)
       13    0.000    0.000    0.000    0.000 _client.py:118(__init__)
       45    0.000    0.000    0.000    0.000 {method 'extend' of 'list' objects}
        4    0.000    0.000    0.002    0.001 feedparser.py:176(_call_parse)
       12    0.000    0.000    0.319    0.027 _transform.py:74(maybe_transform)
        2    0.000    0.000    0.002    0.001 connectionpool.py:986(__init__)
       12    0.000    0.000    0.000    0.000 {method 'subn' of 're.Pattern' objects}
        1    0.000    0.000    0.000    0.000 _transcripts.py:119(build)
       43    0.000    0.000    0.000    0.000 {method 'setdefault' of 'dict' objects}
       52    0.000    0.000    0.000    0.000 _content.py:33(__iter__)
       22    0.000    0.000    0.000    0.000 queue.py:254(_get)
       12    0.000    0.000    0.000    0.000 _decoders.py:82(flush)
        2    0.000    0.000    0.000    0.000 response.py:1062(closed)
        2    0.000    0.000    0.000    0.000 _collections.py:102(__setitem__)
        2    0.000    0.000    0.001    0.000 _collections.py:242(__init__)
       44    0.000    0.000    0.000    0.000 {built-in method builtins.chr}
       13    0.000    0.000    0.000    0.000 threading.py:389(notify_all)
       13    0.000    0.000    0.000    0.000 connection_pool.py:350(__init__)
       13    0.000    0.000    0.000    0.000 _urls.py:157(password)
        2    0.000    0.000    0.000    0.000 {method 'Close' of 'PyHKEY' objects}
        2    0.000    0.000    0.995    0.497 sessions.py:593(get)
       26    0.000    0.000    0.000    0.000 request.py:360(data)
       52    0.000    0.000    0.000    0.000 default.py:66(map_httpcore_exceptions)
        2    0.000    0.000    0.000    0.000 feedparser.py:52(__init__)
       73    0.000    0.000    0.000    0.000 _types.py:125(__bool__)
        2    0.000    0.000    0.005    0.002 models.py:351(prepare)
        2    0.000    0.000    0.000    0.000 weakref.py:568(__init__)
       13    0.000    0.000    0.000    0.000 _client.py:154(auth_headers)
        1    0.000    0.000    0.001    0.001 sessions.py:390(__init__)
        1    0.000    0.000    0.196    0.196 _transcripts.py:283(fetch)
        4    0.000    0.000    0.000    0.000 cookies.py:358(update)
       38    0.000    0.000    0.000    0.000 _models.py:527(request)
       13    0.000    0.000    0.000    0.000 _urlparse.py:115(netloc)
       13    0.000    0.000    0.000    0.000 _utils.py:303(sync_start)
       13    0.000    0.000    0.000    0.000 {method 'span' of 're.Match' objects}
       66    0.000    0.000    0.000    0.000 {method 'strip' of 'bytes' objects}
       12    0.000    0.000    0.000    0.000 _readers.py:149(__init__)
        2    0.000    0.000    0.000    0.000 connection.py:513(__init__)
        2    0.000    0.000    0.002    0.001 adapters.py:446(get_connection_with_tls_context)
        4    0.000    0.000    0.001    0.000 <frozen genericpath>:16(exists)
        1    0.000    0.000    0.010    0.010 _transcripts.py:351(parse)
        8    0.000    0.000    0.001    0.000 cookiejar.py:1004(set_ok_path)
       36    0.000    0.000    0.000    0.000 _utils.py:258(<genexpr>)
        2    0.000    0.000    0.000    0.000 client.py:248(__init__)
        2    0.000    0.000    0.000    0.000 adapters.py:202(__init__)
        4    0.000    0.000    0.000    0.000 ssl.py:732(verify_mode)
        2    0.000    0.000    0.000    0.000 retry.py:198(__init__)
       13    0.000    0.000    0.000    0.000 _base_client.py:619(platform_headers)
       59    0.000    0.000    0.000    0.000 {method '__exit__' of '_thread.lock' objects}
        8    0.000    0.000    0.000    0.000 connection.py:163(host)
        1    0.000    0.000    1.046    1.046 video.py:52(get_transcript)
        2    0.000    0.000    0.000    0.000 adapters.py:90(_urllib3_request_context)
       13    0.000    0.000    0.000    0.000 _urls.py:166(host)
        4    0.000    0.000    0.000    0.000 url.py:100(__new__)
       45    0.000    0.000    0.000    0.000 {method 'lstrip' of 'str' objects}
       20    0.000    0.000    0.000    0.000 {method 'rfind' of 'str' objects}
        6    0.000    0.000    0.000    0.000 url.py:326(<listcomp>)
        2    0.000    0.000    0.002    0.001 url.py:351(_encode_target)
       41    0.000    0.000    0.000    0.000 {built-in method time.monotonic}
       22    0.000    0.000    0.000    0.000 cookiejar.py:926(is_blocked)
       10    0.000    0.000    0.000    0.000 utils.py:1034(check_header_validity)
       13    0.000    0.000    0.000    0.000 _models.py:48(enforce_url)
       12    0.000    0.000    0.000    0.000 _response.py:318(read)
       13    0.000    0.000    0.000    0.000 _headers.py:271(has_expect_100_continue)
       12    0.000    0.000    0.000    0.000 _models.py:197(<listcomp>)
       26    0.000    0.000    0.000    0.000 _base_client.py:611(base_url)
       12    0.000    0.000    0.000    0.000 cookies.py:46(get_origin_req_host)
        1    0.000    0.000    0.000    0.000 _base_client.py:622(_parse_retry_after_header)
       12    0.000    0.000    0.000    0.000 cookies.py:90(unverifiable)
        2    0.000    0.000    0.000    0.000 utils.py:514(_parse_content_type_header)
       13    0.000    0.000    0.000    0.000 connection.py:173(is_available)
        2    0.000    0.000    0.000    0.000 poolmanager.py:200(__init__)
       13    0.000    0.000    0.000    0.000 request.py:405(add_unredirected_header)
       13    0.000    0.000    0.000    0.000 http11.py:332(__init__)
       13    0.000    0.000    0.000    0.000 _events.py:247(__post_init__)
       13    0.000    0.000    0.000    0.000 connection_pool.py:21(assign_to_connection)
        2    0.000    0.000    0.003    0.001 weakref.py:585(__call__)
       26    0.000    0.000    0.000    0.000 {method 'copy' of 'dict' objects}
       26    0.000    0.000    0.000    0.000 _urlparse.py:332(normalize_port)
       13    0.000    0.000    0.000    0.000 _urls.py:132(raw_scheme)
       28    0.000    0.000    0.000    0.000 {method 'fileno' of '_socket.socket' objects}
        2    0.000    0.000    0.000    0.000 parse.py:413(_splitnetloc)
       26    0.000    0.000    0.000    0.000 connection.py:312(<genexpr>)
       13    0.000    0.000    0.000    0.000 _config.py:254(as_dict)
        2    0.000    0.000    0.000    0.000 ssl.py:740(verify_mode)
       13    0.000    0.000    0.000    0.000 _synchronization.py:283(set)
        1    0.000    0.000   24.191   24.191 summary.py:16(summarize)
       12    0.000    0.000    0.000    0.000 cookies.py:94(origin_req_host)
        1    0.000    0.000    0.846    0.846 _api.py:18(list_transcripts)
       15    0.000    0.000    0.000    0.000 {method 'replace' of 'str' objects}
        2    0.000    0.000    0.001    0.001 socket.py:495(_real_close)
        2    0.000    0.000    0.000    0.000 response.py:118(__init__)
        2    0.000    0.000    0.000    0.000 socket.py:769(close)
        2    0.000    0.000    0.000    0.000 adapters.py:546(request_url)
        2    0.000    0.000    0.002    0.001 cookies.py:140(get_cookie_header)
        2    0.000    0.000    0.000    0.000 models.py:258(__init__)
       30    0.000    0.000    0.000    0.000 {built-in method time.perf_counter}
       13    0.000    0.000    0.000    0.000 _models.py:702(get_max_retries)
        1    0.000    0.000    0.000    0.000 video.py:9(extract_youtube_video_id)
       26    0.000    0.000    0.000    0.000 {method 'getvalue' of '_io.BytesIO' objects}
        2    0.000    0.000    0.002    0.001 poolmanager.py:277(connection_from_host)
        2    0.000    0.000    0.000    0.000 utils.py:539(get_encoding_from_headers)
       30    0.000    0.000    0.000    0.000 cookiejar.py:1147(return_ok_port)
        2    0.000    0.000    0.000    0.000 message.py:243(get_payload)
       25    0.000    0.000    0.000    0.000 {built-in method builtins.iter}
        2    0.000    0.000    0.002    0.001 poolmanager.py:306(connection_from_context)
        2    0.000    0.000    0.000    0.000 connection.py:133(__init__)
        1    0.000    0.000    0.000    0.000 {built-in method builtins.pow}
        2    0.000    0.000    0.000    0.000 feedparser.py:195(_new_message)
        2    0.000    0.000    0.000    0.000 models.py:494(prepare_body)
        2    0.000    0.000    0.000    0.000 connection.py:290(putrequest)
       12    0.000    0.000    0.000    0.000 _models.py:567(content)
        2    0.000    0.000    0.309    0.155 connectionpool.py:1091(_validate_conn)
       16    0.000    0.000    0.000    0.000 <frozen _collections_abc>:812(__init__)
       24    0.000    0.000    0.000    0.000 {method 'pop' of 'list' objects}
       13    0.000    0.000    0.000    0.000 _status_codes.py:50(is_success)
       15    0.000    0.000    0.000    0.000 client.py:1011(_output)
       13    0.000    0.000    0.000    0.000 _headers.py:105(__bool__)
        2    0.000    0.000    0.000    0.000 socket.py:680(__init__)
        4    0.000    0.000    0.000    0.000 cookies.py:542(merge_cookies)
        4    0.000    0.000    0.000    0.000 response.py:724(_error_catcher)
       16    0.000    0.000    0.000    0.000 {built-in method builtins.min}
        2    0.000    0.000    0.000    0.000 feedparser.py:69(close)
        2    0.000    0.000    0.000    0.000 response.py:437(_init_decoder)
        4    0.000    0.000    0.000    0.000 timeout.py:188(clone)
        2    0.000    0.000    0.115    0.058 ssl.py:511(wrap_socket)
        6    0.000    0.000    0.000    0.000 cookiejar.py:459(strip_quotes)
        2    0.000    0.000    0.000    0.000 utils.py:1018(get_auth_from_url)
       13    0.000    0.000    0.000    0.000 connection_pool.py:270(<listcomp>)
       26    0.000    0.000    0.000    0.000 {method 'seek' of '_io.BytesIO' objects}
        2    0.000    0.000    0.000    0.000 feedparser.py:182(close)
       13    0.000    0.000    0.000    0.000 http11.py:271(can_handle_request)
       13    0.000    0.000    0.000    0.000 request.py:409(has_header)
        6    0.000    0.000    0.000    0.000 message.py:615(get_content_maintype)
        2    0.000    0.000    0.001    0.000 client.py:971(send)
        2    0.000    0.000    0.003    0.001 feedparser.py:171(feed)
        2    0.000    0.000    0.002    0.001 models.py:610(prepare_cookies)
        2    0.000    0.000    0.009    0.005 utils.py:826(get_environ_proxies)
        2    0.000    0.000    0.000    0.000 adapters.py:240(init_poolmanager)
        2    0.000    0.000    0.115    0.058 ssl_.py:392(ssl_wrap_socket)
       26    0.000    0.000    0.000    0.000 {method 'truncate' of '_io.BytesIO' objects}
        6    0.000    0.000    0.000    0.000 {function HTTPResponse.close at 0x000001BA09E845E0}
        2    0.000    0.000    0.000    0.000 request.py:189(body_to_chunks)
        2    0.000    0.000    0.000    0.000 response.py:668(_init_length)
       13    0.000    0.000    0.000    0.000 {method 'remove' of 'list' objects}
        2    0.000    0.000    0.000    0.000 {method 'getpeername' of '_socket.socket' objects}
        2    0.000    0.000    0.000    0.000 models.py:997(raise_for_status)
       37    0.000    0.000    0.000    0.000 {method 'popleft' of 'collections.deque' objects}
        2    0.000    0.000    0.000    0.000 _collections.py:84(__init__)
        2    0.000    0.000    0.006    0.003 request.py:2716(getproxies)
       13    0.000    0.000    0.000    0.000 _urls.py:193(raw_host)
        2    0.000    0.000    0.000    0.000 connectionpool.py:82(__init__)
       48    0.000    0.000    0.000    0.000 copy.py:182(_deepcopy_atomic)
        2    0.000    0.000    0.000    0.000 connection.py:93(_set_socket_options)
       22    0.000    0.000    0.000    0.000 cookiejar.py:941(is_not_allowed)
        5    0.000    0.000    0.000    0.000 hooks.py:15(default_hooks)
       39    0.000    0.000    0.000    0.000 _synchronization.py:308(__enter__)
        2    0.000    0.000    0.000    0.000 client.py:429(flush)
        2    0.000    0.000    0.000    0.000 response.py:486(_flush_decoder)
        2    0.000    0.000    0.000    0.000 models.py:85(path_url)
        4    0.000    0.000    0.000    0.000 feedparser.py:121(pushlines)
        2    0.000    0.000    0.000    0.000 ssl_.py:469(is_ipaddress)
        2    0.000    0.000    0.000    0.000 connectionpool.py:259(_get_conn)
       13    0.000    0.000    0.000    0.000 _content.py:30(__init__)
        2    0.000    0.000    0.000    0.000 {method '_set_alpn_protocols' of '_ssl._SSLContext' objects}
        2    0.000    0.000    0.001    0.000 client.py:1032(_send_output)
        4    0.000    0.000    0.000    0.000 connectionpool.py:349(_get_timeout)
       39    0.000    0.000    0.000    0.000 _synchronization.py:311(__exit__)
        2    0.000    0.000    0.002    0.001 socket.py:499(close)
        2    0.000    0.000    0.000    0.000 connectionpool.py:297(_put_conn)
        2    0.000    0.000    0.000    0.000 models.py:106(_encode_params)
       12    0.000    0.000    0.000    0.000 _internal_utils.py:25(to_native_string)
        2    0.000    0.000    0.000    0.000 response.py:143(flush)
        2    0.000    0.000    0.000    0.000 _readers.py:127(__call__)
        2    0.000    0.000    0.000    0.000 response.py:624(release_conn)
        2    0.000    0.000    0.000    0.000 {method 'close' of '_io.BufferedReader' objects}
       12    0.000    0.000    0.000    0.000 {method 'count' of 'bytes' objects}
       13    0.000    0.000    0.000    0.000 {method 'lstrip' of 'bytes' objects}
        2    0.000    0.000    0.000    0.000 response.py:245(__init__)
       26    0.000    0.000    0.000    0.000 {method 'end' of 're.Match' objects}
       24    0.000    0.000    0.000    0.000 timeout.py:130(_validate_timeout)
        2    0.000    0.000    0.000    0.000 models.py:799(iter_content)
        2    0.000    0.000    0.000    0.000 models.py:207(register_hook)
        2    0.000    0.000    0.001    0.001 adapters.py:536(close)
       12    0.000    0.000    0.000    0.000 {method 'decode' of 'bytearray' objects}
        2    0.000    0.000    0.000    0.000 parse.py:520(urlunsplit)
        2    0.000    0.000    0.000    0.000 response.py:210(_get_decoder)
        2    0.000    0.000    0.000    0.000 timeout.py:172(from_float)
        1    0.000    0.000    0.001    0.001 sessions.py:794(close)
        8    0.000    0.000    0.000    0.000 cookiejar.py:968(set_ok_version)
       13    0.000    0.000    0.000    0.000 http11.py:274(is_available)
       13    0.000    0.000    0.000    0.000 _models.py:523(elapsed)
        2    0.000    0.000    0.000    0.000 _collections.py:95(__getitem__)
        2    0.000    0.000    0.000    0.000 cookiejar.py:1587(_process_rfc2109_cookies)
        2    0.000    0.000    0.000    0.000 sessions.py:159(resolve_redirects)
        6    0.000    0.000    0.000    0.000 sessions.py:84(<listcomp>)
       13    0.000    0.000    0.000    0.000 _writers.py:85(__init__)
       26    0.000    0.000    0.000    0.000 _auth.py:35(auth_flow)
       13    0.000    0.000    0.000    0.000 _models.py:538(request)
        2    0.000    0.000    0.000    0.000 structures.py:76(copy)
        2    0.000    0.000    0.000    0.000 parse.py:509(urlunparse)
        2    0.000    0.000    0.000    0.000 retry.py:383(is_retry)
        2    0.000    0.000    0.000    0.000 socket.py:505(detach)
       13    0.000    0.000    0.000    0.000 _client.py:277(headers)
       13    0.000    0.000    0.000    0.000 _models.py:1199(__init__)
        2    0.000    0.000    0.000    0.000 sessions.py:781(get_adapter)
        2    0.000    0.000    0.000    0.000 {method 'getsockopt' of '_socket.socket' objects}
        2    0.000    0.000    0.000    0.000 sessions.py:799(mount)
        6    0.000    0.000    0.000    0.000 cookiejar.py:136(offset_from_tz_string)
        5    0.000    0.000    0.000    0.000 cookies.py:534(<listcomp>)
       13    0.000    0.000    0.000    0.000 _client.py:308(params)
       13    0.000    0.000    0.000    0.000 default.py:108(__init__)
        2    0.000    0.000    0.000    0.000 models.py:334(__init__)
       13    0.000    0.000    0.000    0.000 connection_pool.py:31(wait_for_connection)
        2    0.000    0.000    0.000    0.000 ssl_.py:177(resolve_cert_reqs)
        2    0.000    0.000    0.000    0.000 models.py:588(prepare_auth)
        4    0.000    0.000    0.000    0.000 {method 'read' of '_io.StringIO' objects}
        6    0.000    0.000    0.000    0.000 timeout.py:126(resolve_default_timeout)
        2    0.000    0.000    0.000    0.000 connectionpool.py:1153(_normalize_host)
        2    0.000    0.000    0.115    0.058 ssl_.py:493(_ssl_wrap_socket_impl)
        2    0.000    0.000    0.000    0.000 utils.py:774(get_proxy)
        2    0.000    0.000    0.000    0.000 socket.py:489(_decref_socketios)
        8    0.000    0.000    0.000    0.000 cookiejar.py:995(set_ok_name)
        1    0.000    0.000    0.000    0.000 _exceptions.py:233(__init__)
        4    0.000    0.000    0.000    0.000 response.py:342(<genexpr>)
        1    0.000    0.000   14.367   14.367 summary.py:55(concatenate_summaries)
        6    0.000    0.000    0.000    0.000 {method 'index' of 'list' objects}
        2    0.000    0.000    0.000    0.000 retry.py:375(_is_method_retryable)
        2    0.000    0.000    0.000    0.000 {method 'write' of '_io.StringIO' objects}
        2    0.000    0.000    0.000    0.000 ssl.py:503(_encode_hostname)
        8    0.000    0.000    0.000    0.000 {method 'count' of 'str' objects}
        2    0.000    0.000    0.000    0.000 _transcripts.py:32(_raise_http_errors)
       13    0.000    0.000    0.000    0.000 _base_client.py:866(_prepare_request)
        4    0.000    0.000    0.000    0.000 response.py:1094(supports_chunked_reads)
        1    0.000    0.000    9.824    9.824 summary.py:67(final_summary)
        2    0.000    0.000    0.000    0.000 parse.py:421(_checknetloc)
       13    0.000    0.000    0.000    0.000 connection_pool.py:39(is_queued)
        1    0.000    0.000    0.000    0.000 utils.py:900(default_headers)
        2    0.000    0.000    0.000    0.000 poolmanager.py:375(_merge_pool_kwargs)
        5    0.000    0.000    0.000    0.000 hooks.py:16(<dictcomp>)
        2    0.000    0.000    0.001    0.000 client.py:1270(endheaders)
       13    0.000    0.000    0.000    0.000 _urls.py:215(port)
        2    0.000    0.000    0.000    0.000 parse.py:937(urlencode)
        2    0.000    0.000    0.000    0.000 socket.py:515(family)
        6    0.000    0.000    0.000    0.000 utils.py:211(<genexpr>)
        4    0.000    0.000    0.000    0.000 {method 'pop' of 'collections.OrderedDict' objects}
        1    0.000    0.000    0.000    0.000 __init__.py:163(match)
        2    0.000    0.000    0.000    0.000 timeout.py:245(read_timeout)
        2    0.000    0.000    0.000    0.000 message.py:478(items)
        2    0.000    0.000    0.000    0.000 sessions.py:805(<listcomp>)
        2    0.000    0.000    0.000    0.000 adapters.py:304(cert_verify)
        2    0.000    0.000    0.000    0.000 sessions.py:107(get_redirect_target)
        2    0.000    0.000    0.000    0.000 utils.py:660(requote_uri)
        4    0.000    0.000    0.000    0.000 {method 'extend' of 'collections.deque' objects}
        6    0.000    0.000    0.000    0.000 retry.py:238(<genexpr>)
        2    0.000    0.000    0.000    0.000 models.py:769(is_redirect)
        1    0.000    0.000    0.000    0.000 parse.py:687(parse_qs)
        2    0.000    0.000    0.000    0.000 utils.py:636(unquote_unreserved)
        2    0.000    0.000    0.000    0.000 models.py:630(prepare_hooks)
        1    0.000    0.000    0.000    0.000 _transcripts.py:256(__init__)
        2    0.000    0.000    0.000    0.000 parse.py:156(username)
       12    0.000    0.000    0.000    0.000 _files.py:51(to_httpx_files)
        4    0.000    0.000    0.000    0.000 response.py:394(retries)
        1    0.000    0.000    0.000    0.000 _base_client.py:679(_should_retry)
        2    0.000    0.000    0.000    0.000 client.py:412(_close_conn)
       12    0.000    0.000    0.000    0.000 cookies.py:69(is_unverifiable)
        2    0.000    0.000    0.000    0.000 timeout.py:202(start_connect)
       14    0.000    0.000    0.000    0.000 {method 'pop' of 'set' objects}
        2    0.000    0.000    0.000    0.000 sessions.py:724(<listcomp>)
        2    0.000    0.000    0.000    0.000 message.py:330(set_payload)
        2    0.000    0.000    0.000    0.000 cookiejar.py:348(split_header_words)
        2    0.000    0.000    0.000    0.000 adapters.py:396(build_connection_pool_key_attributes)
        1    0.000    0.000    0.000    0.000 _transcripts.py:342(_get_html_regex)
       15    0.000    0.000    0.000    0.000 {method 'values' of 'collections.OrderedDict' objects}
        2    0.000    0.000    0.000    0.000 models.py:393(prepare_method)
        8    0.000    0.000    0.000    0.000 cookiejar.py:1075(set_ok_port)
        2    0.000    0.000    0.000    0.000 client.py:383(_check_close)
       13    0.000    0.000    0.000    0.000 _base_client.py:859(_prepare_options)
        2    0.000    0.000    0.000    0.000 hooks.py:22(dispatch_hook)
        1    0.000    0.000    0.000    0.000 pstats.py:108(__init__)
        4    0.000    0.000    0.000    0.000 message.py:211(is_multipart)
       13    0.000    0.000    0.000    0.000 _base_client.py:577(custom_auth)
        2    0.000    0.000    0.000    0.000 client.py:1234(_validate_host)
        2    0.000    0.000    0.000    0.000 parse.py:193(_userinfo)
        2    0.000    0.000    0.000    0.000 response.py:91(is_response_to_head)
        1    0.000    0.000    0.000    0.000 cProfile.py:51(create_stats)
        4    0.000    0.000    0.000    0.000 cookies.py:110(__init__)
        2    0.000    0.000    0.000    0.000 <string>:1(<lambda>)
        1    0.000    0.000    0.000    0.000 __init__.py:1720(getEffectiveLevel)
        2    0.000    0.000    0.000    0.000 client.py:1217(_validate_method)
       13    0.000    0.000    0.000    0.000 _base_client.py:596(_validate_headers)
        2    0.000    0.000    0.000    0.000 connection.py:103(allowed_gai_family)
        1    0.000    0.000    0.000    0.000 cookies.py:72(has_header)
       10    0.000    0.000    0.000    0.000 {method 'isspace' of 'str' objects}
        2    0.000    0.000    0.000    0.000 feedparser.py:208(_pop_message)
        6    0.000    0.000    0.000    0.000 timeout.py:227(connect_timeout)
        4    0.000    0.000    0.000    0.000 {method 'truncate' of '_io.StringIO' objects}
        4    0.000    0.000    0.000    0.000 structures.py:60(__len__)
        2    0.000    0.000    0.000    0.000 adapters.py:140(__init__)
        8    0.000    0.000    0.000    0.000 cookies.py:117(info)
        2    0.000    0.000    0.000    0.000 sessions.py:91(merge_hooks)
        8    0.000    0.000    0.000    0.000 {method 'seek' of '_io.StringIO' objects}
        2    0.000    0.000    0.000    0.000 request.py:134(set_file_position)
        6    0.000    0.000    0.000    0.000 {method '__exit__' of '_thread.RLock' objects}
        2    0.000    0.000    0.000    0.000 _internal_utils.py:38(unicode_is_ascii)
        4    0.000    0.000    0.000    0.000 client.py:440(isclosed)
        2    0.000    0.000    0.000    0.000 socket.py:521(type)
        4    0.000    0.000    0.000    0.000 <frozen ntpath>:35(_get_bothseps)
        2    0.000    0.000    0.000    0.000 connection.py:268(proxy_is_forwarding)
        1    0.000    0.000    0.000    0.000 pstats.py:118(init)
        4    0.000    0.000    0.000    0.000 _request_methods.py:51(__init__)
        2    0.000    0.000    0.000    0.000 client.py:1213(_encode_request)
        1    0.000    0.000    0.000    0.000 _exceptions.py:60(__init__)
        6    0.000    0.000    0.000    0.000 {method 'toordinal' of 'datetime.date' objects}
        2    0.000    0.000    0.000    0.000 client.py:1226(_validate_path)
        1    0.000    0.000    0.001    0.001 sessions.py:454(__exit__)
        1    0.000    0.000    0.000    0.000 _transcripts.py:339(__init__)
        4    0.000    0.000    0.000    0.000 {method '__exit__' of 'memoryview' objects}
        1    0.000    0.000    0.000    0.000 __init__.py:228(_acquireLock)
        1    0.000    0.000    0.000    0.000 _transcripts.py:213(_find_transcript)
        1    0.000    0.000    0.000    0.000 _transcripts.py:169(find_transcript)
        1    0.000    0.000    0.000    0.000 <frozen codecs>:186(__init__)
        1    0.000    0.000    0.000    0.000 enum.py:193(__get__)
        2    0.000    0.000    0.000    0.000 parse.py:175(port)
        1    0.000    0.000    0.000    0.000 pstats.py:137(load_stats)
        2    0.000    0.000    0.000    0.000 models.py:572(prepare_content_length)
        8    0.000    0.000    0.000    0.000 {method 'items' of 'collections.OrderedDict' objects}
        4    0.000    0.000    0.000    0.000 utils.py:743(set_environ)
        2    0.000    0.000    0.000    0.000 {method 'flush' of '_io.BufferedReader' objects}
        4    0.000    0.000    0.000    0.000 {built-in method sys.audit}
        1    0.000    0.000    0.000    0.000 {method 'random' of '_random.Random' objects}
        1    0.000    0.000    0.000    0.000 __init__.py:225(compile)
        2    0.000    0.000    0.000    0.000 parser.py:17(__init__)
        4    0.000    0.000    0.000    0.000 connection.py:254(is_closed)
        2    0.000    0.000    0.000    0.000 {method 'extend' of 'bytearray' objects}
        2    0.000    0.000    0.000    0.000 {method 'clear' of 'collections.OrderedDict' objects}
        1    0.000    0.000    0.000    0.000 _transcripts.py:101(__init__)
        4    0.000    0.000    0.000    0.000 {built-in method nt.fspath}
        2    0.000    0.000    0.000    0.000 queue.py:245(_init)
        4    0.000    0.000    0.000    0.000 {method 'update' of 'collections.OrderedDict' objects}
        2    0.000    0.000    0.000    0.000 {method 'append' of 'bytearray' objects}
        2    0.000    0.000    0.000    0.000 <frozen _collections_abc>:815(__len__)
        6    0.000    0.000    0.000    0.000 {method 'gettimeout' of '_socket.socket' objects}
        1    0.000    0.000    0.000    0.000 __init__.py:1319(disable)
        1    0.000    0.000    0.000    0.000 enum.py:1249(value)
        2    0.000    0.000    0.000    0.000 response.py:79(<listcomp>)
        1    0.000    0.000    0.000    0.000 utils.py:891(default_user_agent)
        1    0.000    0.000    0.000    0.000 __init__.py:237(_releaseLock)
        4    0.000    0.000    0.000    0.000 feedparser.py:124(__iter__)
        2    0.000    0.000    0.000    0.000 ssl.py:1150(_check_connected)
        2    0.000    0.000    0.000    0.000 {method 'isalpha' of 'str' objects}
        2    0.000    0.000    0.000    0.000 {built-in method _socket.getdefaulttimeout}
        1    0.000    0.000    0.000    0.000 _readers.py:123(__init__)
        1    0.000    0.000    0.000    0.000 cookies.py:84(add_unredirected_header)
        1    0.000    0.000    0.000    0.000 _transcripts.py:41(__init__)
        2    0.000    0.000    0.000    0.000 client.py:884(_get_hostport)
        1    0.000    0.000    0.000    0.000 _parseaddr.py:57(_parsedate_tz)
        1    0.000    0.000    0.000    0.000 _models.py:560(url)
        2    0.000    0.000    0.000    0.000 connection.py:182(host)
        2    0.000    0.000    0.000    0.000 {method 'cast' of 'memoryview' objects}
        2    0.000    0.000    0.000    0.000 utils.py:581(iter_slices)
        2    0.000    0.000    0.000    0.000 models.py:216(<genexpr>)
        2    0.000    0.000    0.000    0.000 connectionpool.py:340(_validate_conn)
        2    0.000    0.000    0.000    0.000 adapters.py:578(add_headers)
        2    0.000    0.000    0.000    0.000 proxy.py:11(connection_requires_http_tunnel)
        1    0.000    0.000    0.000    0.000 _decoders.py:30(decode)
        1    0.000    0.000    0.000    0.000 _decoders.py:33(flush)
        2    0.000    0.000    0.000    0.000 cookies.py:87(get_new_headers)
        1    0.000    0.000    0.000    0.000 {method 'close' of 'xml.etree.ElementTree.XMLParser' objects}
        2    0.000    0.000    0.000    0.000 {function socket.detach at 0x000001BA09E137E0}
        1    0.000    0.000    0.000    0.000 _exceptions.py:70(request)
        2    0.000    0.000    0.000    0.000 {function HTTPResponse.flush at 0x000001BA09E84680}
        1    0.000    0.000    0.000    0.000 {method 'disable' of '_lsprof.Profiler' objects}
        1    0.000    0.000    0.000    0.000 sessions.py:451(__enter__)


